08/13/13 21:51:55 Serwer 1 AppRunner: Podlaczanie do start_wsh
08/13/13 21:51:55 Serwer 1 start_wsh: Serwer wczytal moduly
08/13/13 21:51:55 Serwer 1 Connection: connecting to 192.168.56.105:80/newHost
08/13/13 21:51:58 Serwer 1 Connection: Wystapil problem
08/13/13 21:51:58 Serwer 1 Connection: 
08/13/13 21:51:58 Serwer 1 start_wsh: Nie moge polaczyc sie z 192.168.56.105
08/13/13 21:51:58 Serwer 1 Connection: connecting to 192.168.56.104:80/newHost
08/13/13 21:52:01 Serwer 5 AppRunner: Podlaczanie do start_wsh
08/13/13 21:52:01 Serwer 5 start_wsh: Serwer wczytal moduly
08/13/13 21:52:01 Serwer 5 Connection: connecting to 192.168.56.105:80/newHost
08/13/13 21:52:01 Serwer 1 Connection: Wystapil problem
08/13/13 21:52:01 Serwer 1 Connection: 
08/13/13 21:52:01 Serwer 1 start_wsh: Nie moge polaczyc sie z 192.168.56.104
08/13/13 21:52:01 Serwer 1 Connection: connecting to 192.168.56.106:80/newHost
08/13/13 21:52:01 Serwer 5 newHost_wsh: Server dostal zgloszenie
08/13/13 21:52:01 Serwer 1 Connection: Nawiazano polaczenie z 192.168.56.106:80
08/13/13 21:52:01 Serwer 1 start_wsh: Polaczenie z 192.168.56.106 nawiazane
08/13/13 21:52:01 Serwer 1 start_wsh: Wysylanie pingu z metody startowej
08/13/13 21:52:01 Serwer 5 newHost_wsh: Serwer 192.168.56.102 probuje nawiazac polaczenie
08/13/13 21:52:04 Serwer 5 Connection: Wystapil problem
08/13/13 21:52:04 Serwer 5 Connection: 
08/13/13 21:52:04 Serwer 5 start_wsh: Nie moge polaczyc sie z 192.168.56.105
08/13/13 21:52:04 Serwer 5 Connection: connecting to 192.168.56.104:80/newHost
08/13/13 21:52:07 Serwer 5 Connection: Wystapil problem
08/13/13 21:52:07 Serwer 5 Connection: 
08/13/13 21:52:07 Serwer 5 start_wsh: Nie moge polaczyc sie z 192.168.56.104
08/13/13 21:52:07 Serwer 5 Connection: connecting to 192.168.56.103:80/newHost
08/13/13 21:52:10 Serwer 5 Connection: Wystapil problem
08/13/13 21:52:10 Serwer 5 Connection: 
08/13/13 21:52:10 Serwer 5 start_wsh: Nie moge polaczyc sie z 192.168.56.103
08/13/13 21:52:10 Serwer 5 Connection: connecting to 192.168.56.102:80/newHost
08/13/13 21:52:10 Serwer 1 newHost_wsh: Server dostal zgloszenie
08/13/13 21:52:10 Serwer 5 Connection: Nawiazano polaczenie z 192.168.56.102:80
08/13/13 21:52:10 Serwer 5 start_wsh: Polaczenie z 192.168.56.102 nawiazane
08/13/13 21:52:10 Serwer 1 newHost_wsh: Serwer 192.168.56.106 probuje nawiazac polaczenie
08/13/13 21:52:10 Serwer 5 start_wsh: Wysylanie pingu z metody startowej
08/13/13 21:52:11 Serwer 5 newHost_wsh: Timeout occured.
08/13/13 21:52:11 Serwer 1 start_wsh: Serwer 192.168.56.106 nie odpowiedzial na PING, zrywanie polaczenia
08/13/13 21:52:11 Serwer 1 Connection: connecting to 192.168.56.103:80/newHost
08/13/13 21:52:14 Serwer 1 Connection: Wystapil problem
08/13/13 21:52:14 Serwer 1 Connection: 
08/13/13 21:52:14 Serwer 1 start_wsh: Nie moge polaczyc sie z 192.168.56.103
08/13/13 21:52:14 Serwer 1 MakeCoherent: analizuje 192.168.56.105
08/13/13 21:52:14 Serwer 1 MakeCoherent: analizuje 192.168.56.104
08/13/13 21:52:14 Serwer 1 newHost_wsh: klucz %s 192.168.56.105
08/13/13 21:52:14 Serwer 1 MakeCoherent: analizuje 192.168.56.106
08/13/13 21:52:14 Serwer 1 newHost_wsh: adres zdalnej maszyny %s 192.168.56.106
08/13/13 21:52:14 Serwer 1 MakeCoherent: analizuje 192.168.56.103
08/13/13 21:52:14 Serwer 1 newHost_wsh: addresses[key] %s F
08/13/13 21:52:14 Serwer 1 MakeCoherent: analizuje localhost
08/13/13 21:52:14 Serwer 1 newHost_wsh: klucz %s 192.168.56.104
08/13/13 21:52:14 Serwer 1 newHost_wsh: adres zdalnej maszyny %s 192.168.56.106
08/13/13 21:52:14 Serwer 1 MakeCoherent: Dane na serwerze sa aktualne
08/13/13 21:52:14 Serwer 1 newHost_wsh: addresses[key] %s F
08/13/13 21:52:14 Serwer 1 BroadcastNewDataVersion: wewnatrz modulu rozglaszania nowej wersji 
08/13/13 21:52:14 Serwer 1 start_wsh: Serwer rozpoczyna czeanie na kolejna ture sprawdzania
08/13/13 21:52:14 Serwer 1 newHost_wsh: klucz %s 192.168.56.106
08/13/13 21:52:14 Serwer 1 newHost_wsh: adres zdalnej maszyny %s 192.168.56.106
08/13/13 21:52:14 Serwer 1 newHost_wsh: addresses[key] %s F
08/13/13 21:52:14 Serwer 1 newHost_wsh: znalazl dopasowanie
08/13/13 21:52:14 Serwer 1 newHost_wsh: Server odpowiedzial PONG do 192.168.56.106
08/13/13 21:52:14 Serwer 5 start_wsh: Metoda startowa otrzymala odpowiedz, zamykanie polaczenia
08/13/13 21:52:14 Serwer 1 newHost_wsh: proba nawiazania polaczenia z nowododanym serwerem
08/13/13 21:52:14 Serwer 5 start_wsh: ########### polaczenie zakonczone, zapisywanie pliku adresowego
08/13/13 21:52:14 Serwer 1 Connection: connecting to 192.168.56.106:80/newPing
08/13/13 21:52:14 Serwer 5 start_wsh: Zapisano zmiany do pliku adresowego
08/13/13 21:52:14 Serwer 5 newPing_wsh: Server dostal zgloszenie
08/13/13 21:52:14 Serwer 1 Connection: Nawiazano polaczenie z 192.168.56.106:80
08/13/13 21:52:14 Serwer 5 MakeCoherent: analizuje 192.168.56.105
08/13/13 21:52:14 Serwer 5 newPing_wsh: Server otrzymal ping od 192.168.56.102
08/13/13 21:52:14 Serwer 1 newHost_wsh: nawiazywanie polaczenia z nowododanym serwerem
08/13/13 21:52:15 Serwer 5 newPing_wsh: Server odpowiedzial do 192.168.56.102
08/13/13 21:52:15 Serwer 1 newHost_wsh: Serwer wczytal moduly
08/13/13 21:52:15 Serwer 5 newPing_wsh: Serwer wczytal moduly
08/13/13 21:52:15 Serwer 1 AuthNewConn: Wewnatrz modulu autoryzacji
08/13/13 21:52:15 Serwer 1 AuthNewConn: Uwierzytelnianie podlaczajacego sie serwera 192.168.56.106
08/13/13 21:52:15 Serwer 5 AuthNewConn: Wewnatrz modulu autoryzacji
08/13/13 21:52:15 Serwer 5 MakeCoherent: analizuje 192.168.56.104
08/13/13 21:52:15 Serwer 5 AuthNewConn: Uwierzytelnianie serwera 192.168.56.102
08/13/13 21:52:15 Serwer 5 MakeCoherent: analizuje 192.168.56.103
08/13/13 21:52:15 Serwer 5 AuthNewConn: Wysylam swoje haslo do 192.168.56.102
08/13/13 21:52:15 Serwer 5 MakeCoherent: analizuje localhost
08/13/13 21:52:15 Serwer 1 AuthNewConn: Otrzymano haslo od 192.168.56.106
08/13/13 21:52:15 Serwer 5 MakeCoherent: analizuje 192.168.56.102
08/13/13 21:52:15 Serwer 1 AuthNewConn: spodziewane haslo aaa otrzymano aaa
08/13/13 21:52:15 Serwer 5 MakeCoherent: Dane na serwerze sa aktualne
08/13/13 21:52:15 Serwer 1 AuthNewConn: Haslo otrzymane od 192.168.56.106 zgodne
08/13/13 21:52:15 Serwer 5 BroadcastNewDataVersion: wewnatrz modulu rozglaszania nowej wersji 
08/13/13 21:52:15 Serwer 1 AuthNewConn: czekam na zapytanie o haslo
08/13/13 21:52:15 Serwer 1 AuthNewConn: Wysylam swoje haslo do 192.168.56.106
08/13/13 21:52:15 Serwer 5 start_wsh: Serwer rozpoczyna czeanie na kolejna ture sprawdzania
08/13/13 21:52:15 Serwer 5 AuthNewConn: Otrzymano haslo od 192.168.56.102
08/13/13 21:52:15 Serwer 5 AuthNewConn: spodziewane haslo aaa otrzymano aaa
08/13/13 21:52:15 Serwer 5 AuthNewConn: Haslo od 192.168.56.102 zgodne
08/13/13 21:52:15 Serwer 5 GetDataVersion: Wewnatrz modulu wymiany wersji danych
08/13/13 21:52:15 Serwer 1 AuthNewConn: Haslo zaakceptowane przez 192.168.56.106
08/13/13 21:52:15 Serwer 1 GetDataVersion: Wewnatrz modulu wymiany wersji danych
08/13/13 21:52:15 Serwer 1 GetDataVersion: Pobieranie wersji danych
08/13/13 21:52:15 Serwer 5 GetDataVersion: Otrzymano zapytanie o wersje danych
08/13/13 21:52:15 Serwer 1 GetDataVersion: Otrzymano wersje danych klienta 0
08/13/13 21:52:15 Serwer 5 GetDataVersion: Wysylano wersji danych 0
08/13/13 21:52:15 Serwer 1 GetDataVersion: Wyslano wersje danych do klienta 0
08/13/13 21:52:15 Serwer 5 GetDataVersion: Otrzymano wersje danych klienta 0
08/13/13 21:52:15 Serwer 1 newHost_wsh: Polaczenie z 192.168.56.106 nawiazane
08/13/13 21:52:15 Serwer 5 newPing_wsh: Serwer rozpoczyna pingowanie
08/13/13 21:52:15 Serwer 5 PeriodicPing: Maksymalny czas oczekiwania na odpowiedz = 5
08/13/13 21:52:15 Serwer 5 ListenSocket: wewnatrz watku
08/13/13 21:52:15 Serwer 1 PeriodicPing: Maksymalny czas oczekiwania na odpowiedz = 5
08/13/13 21:52:15 Serwer 5 PeriodicPing: Wysylam ping
08/13/13 21:52:15 Serwer 1 ListenSocket: wewnatrz watku
08/13/13 21:52:15 Serwer 5 ListenSocket: odebrano PING:PING
08/13/13 21:52:15 Serwer 1 PeriodicPing: Wysylam ping
08/13/13 21:52:15 Serwer 1 ListenSocket: Oczekiwanie na wiadomosc
08/13/13 21:52:15 Serwer 5 ListenSocket: znaleziono modul odpowiadajacy za obsluge
08/13/13 21:52:15 Serwer 1 ListenSocket: odebrano PING:PING
08/13/13 21:52:15 Serwer 5 StandardPing: wyslano PONG:PONG
08/13/13 21:52:15 Serwer 5 ListenSocket: Oczekiwanie na wiadomosc
08/13/13 21:52:15 Serwer 5 ListenSocket: Oczekiwanie na wiadomosc
08/13/13 21:52:15 Serwer 1 ListenSocket: znaleziono modul odpowiadajacy za obsluge
08/13/13 21:52:15 Serwer 5 ListenSocket: odebrano PONG:PONG
08/13/13 21:52:15 Serwer 1 StandardPing: wyslano PONG:PONG
08/13/13 21:52:15 Serwer 1 ListenSocket: Oczekiwanie na wiadomosc
08/13/13 21:52:15 Serwer 5 ListenSocket: znaleziono modul odpowiadajacy za obsluge
08/13/13 21:52:15 Serwer 1 ListenSocket: odebrano PONG:PONG
08/13/13 21:52:15 Serwer 1 ListenSocket: znaleziono modul odpowiadajacy za obsluge
08/13/13 21:52:15 Serwer 5 StandardPong: Pong wrzucony do kolejki
08/13/13 21:52:15 Serwer 5 ListenSocket: Oczekiwanie na wiadomosc
08/13/13 21:52:15 Serwer 1 StandardPong: Pong wrzucony do kolejki
08/13/13 21:52:15 Serwer 1 ListenSocket: Oczekiwanie na wiadomosc
08/13/13 21:52:15 Serwer 5 PeriodicPassExchange: Wysylam zapytanie o stare haslo do 192.168.56.102
08/13/13 21:52:15 Serwer 1 ListenSocket: odebrano PASS_EXCH_RES:NEW_PASS
08/13/13 21:52:15 Serwer 1 ListenSocket: znaleziono modul odpowiadajacy za obsluge
08/13/13 21:52:15 Serwer 1 PeriodicPassExchange: Wysylam zapytanie o stare haslo do 192.168.56.106
08/13/13 21:52:15 Serwer 1 PasswordExchangeResponse: otrzymalem NEW_PASS
08/13/13 21:52:15 Serwer 1 PasswordExchangeResponse: wyszukuje stare haslo
08/13/13 21:52:15 Serwer 1 PasswordExchangeResponse: wyslalem stare haslo do 192.168.56.106
08/13/13 21:52:15 Serwer 5 ListenSocket: odebrano PASS_EXCH_RES:NEW_PASS
08/13/13 21:52:15 Serwer 5 ListenSocket: znaleziono modul odpowiadajacy za obsluge
08/13/13 21:52:15 Serwer 1 ListenSocket: Oczekiwanie na wiadomosc
08/13/13 21:52:15 Serwer 5 PasswordExchangeResponse: otrzymalem NEW_PASS
08/13/13 21:52:15 Serwer 5 PasswordExchangeResponse: wyszukuje stare haslo
08/13/13 21:52:15 Serwer 1 ListenSocket: odebrano PASS_EXCH_REQ:OLD%aaa
08/13/13 21:52:15 Serwer 1 ListenSocket: znaleziono modul odpowiadajacy za obsluge
08/13/13 21:52:15 Serwer 5 PasswordExchangeResponse: wyslalem stare haslo do 192.168.56.102
08/13/13 21:52:15 Serwer 1 PasswordExchangeRequest: Otrzymalem stare haslo od 192.168.56.106
08/13/13 21:52:15 Serwer 1 PasswordExchangeRequest: spodziewane haslo aaa otrzymano aaa
08/13/13 21:52:15 Serwer 5 ListenSocket: Oczekiwanie na wiadomosc
08/13/13 21:52:15 Serwer 1 PasswordExchangeRequest: Haslo zgodne
08/13/13 21:52:15 Serwer 5 ListenSocket: odebrano PASS_EXCH_REQ:OLD%aaa
08/13/13 21:52:15 Serwer 1 PasswordExchangeRequest: Wyslalem nowe haslo
08/13/13 21:52:15 Serwer 1 ListenSocket: Oczekiwanie na wiadomosc
08/13/13 21:52:15 Serwer 5 ListenSocket: znaleziono modul odpowiadajacy za obsluge
08/13/13 21:52:15 Serwer 5 PasswordExchangeRequest: Otrzymalem stare haslo od 192.168.56.102
08/13/13 21:52:15 Serwer 5 PasswordExchangeRequest: spodziewane haslo aaa otrzymano aaa
08/13/13 21:52:15 Serwer 5 PasswordExchangeRequest: Haslo zgodne
08/13/13 21:52:15 Serwer 1 ListenSocket: odebrano PASS_EXCH_RES:NEW%KYzNB806coZgPIj8xNej4aWB
08/13/13 21:52:15 Serwer 1 ListenSocket: znaleziono modul odpowiadajacy za obsluge
08/13/13 21:52:15 Serwer 1 PasswordExchangeResponse: otrzymalem NEW%KYzNB806coZgPIj8xNej4aWB
08/13/13 21:52:15 Serwer 1 PasswordExchangeResponse: Otrzymalem nowe haslo
08/13/13 21:52:15 Serwer 1 PasswordExchangeResponse: zapisalem nowe haslo
08/13/13 21:52:15 Serwer 1 PasswordExchangeResponse: Wyslalem potwierdzenie do 192.168.56.106
08/13/13 21:52:15 Serwer 5 PasswordExchangeRequest: Wyslalem nowe haslo
08/13/13 21:52:15 Serwer 1 ListenSocket: Oczekiwanie na wiadomosc
08/13/13 21:52:15 Serwer 5 ListenSocket: Oczekiwanie na wiadomosc
08/13/13 21:52:15 Serwer 5 ListenSocket: odebrano PASS_EXCH_RES:NEW%BfOxuqolRboeFKTOpgr9I2vl
08/13/13 21:52:15 Serwer 5 ListenSocket: znaleziono modul odpowiadajacy za obsluge
08/13/13 21:52:15 Serwer 5 PasswordExchangeResponse: otrzymalem NEW%BfOxuqolRboeFKTOpgr9I2vl
08/13/13 21:52:15 Serwer 5 PasswordExchangeResponse: Otrzymalem nowe haslo
08/13/13 21:52:15 Serwer 5 PasswordExchangeResponse: zapisalem nowe haslo
08/13/13 21:52:15 Serwer 1 ListenSocket: odebrano PASS_EXCH_REQ:ACK
08/13/13 21:52:15 Serwer 1 ListenSocket: znaleziono modul odpowiadajacy za obsluge
08/13/13 21:52:15 Serwer 5 PasswordExchangeResponse: Wyslalem potwierdzenie do 192.168.56.102
08/13/13 21:52:15 Serwer 5 ListenSocket: Oczekiwanie na wiadomosc
08/13/13 21:52:15 Serwer 1 PasswordExchangeRequest: Haslo zostalo zmienione
08/13/13 21:52:15 Serwer 1 PasswordExchangeRequest: dostalem potwierdzenie zmiany hasla od 192.168.56.106
08/13/13 21:52:15 Serwer 5 ListenSocket: odebrano PASS_EXCH_REQ:ACK
08/13/13 21:52:15 Serwer 1 ListenSocket: Oczekiwanie na wiadomosc
08/13/13 21:52:15 Serwer 5 ListenSocket: znaleziono modul odpowiadajacy za obsluge
08/13/13 21:52:15 Serwer 5 PasswordExchangeRequest: dostalem potwierdzenie zmiany hasla od 192.168.56.102
08/13/13 21:52:15 Serwer 5 PasswordExchangeRequest: Haslo zostalo zmienione
08/13/13 21:52:15 Serwer 5 ListenSocket: Oczekiwanie na wiadomosc
08/13/13 21:52:17 Serwer 5 PeriodicPing: Maksymalny czas oczekiwania na odpowiedz = 5
08/13/13 21:52:17 Serwer 1 ListenSocket: odebrano PING:PING
08/13/13 21:52:17 Serwer 5 PeriodicPing: Wysylam ping
08/13/13 21:52:17 Serwer 1 ListenSocket: znaleziono modul odpowiadajacy za obsluge
08/13/13 21:52:17 Serwer 5 ListenSocket: odebrano PONG:PONG
08/13/13 21:52:17 Serwer 1 StandardPing: wyslano PONG:PONG
08/13/13 21:52:17 Serwer 5 ListenSocket: znaleziono modul odpowiadajacy za obsluge
08/13/13 21:52:17 Serwer 5 StandardPong: Pong wrzucony do kolejki
08/13/13 21:52:17 Serwer 1 PeriodicPing: Maksymalny czas oczekiwania na odpowiedz = 5
08/13/13 21:52:17 Serwer 1 PeriodicPing: Wysylam ping
08/13/13 21:52:17 Serwer 1 ListenSocket: Oczekiwanie na wiadomosc
08/13/13 21:52:17 Serwer 5 ListenSocket: Oczekiwanie na wiadomosc
08/13/13 21:52:17 Serwer 5 ListenSocket: odebrano PING:PING
08/13/13 21:52:17 Serwer 5 ListenSocket: znaleziono modul odpowiadajacy za obsluge
08/13/13 21:52:17 Serwer 1 ListenSocket: odebrano PONG:PONG
08/13/13 21:52:17 Serwer 5 StandardPing: wyslano PONG:PONG
08/13/13 21:52:17 Serwer 1 ListenSocket: znaleziono modul odpowiadajacy za obsluge
08/13/13 21:52:17 Serwer 5 ListenSocket: Oczekiwanie na wiadomosc
08/13/13 21:52:17 Serwer 1 StandardPong: Pong wrzucony do kolejki
08/13/13 21:52:17 Serwer 1 ListenSocket: Oczekiwanie na wiadomosc
08/13/13 21:52:19 Serwer 5 PeriodicPing: Maksymalny czas oczekiwania na odpowiedz = 5
08/13/13 21:52:19 Serwer 1 ListenSocket: odebrano PING:PING
08/13/13 21:52:19 Serwer 5 PeriodicPing: Wysylam ping
08/13/13 21:52:19 Serwer 1 ListenSocket: znaleziono modul odpowiadajacy za obsluge
08/13/13 21:52:19 Serwer 1 StandardPing: wyslano PONG:PONG
08/13/13 21:52:19 Serwer 5 ListenSocket: odebrano PONG:PONG
08/13/13 21:52:19 Serwer 1 ListenSocket: Oczekiwanie na wiadomosc
08/13/13 21:52:19 Serwer 5 ListenSocket: znaleziono modul odpowiadajacy za obsluge
08/13/13 21:52:19 Serwer 5 StandardPong: Pong wrzucony do kolejki
08/13/13 21:52:19 Serwer 5 ListenSocket: Oczekiwanie na wiadomosc
08/13/13 21:52:19 Serwer 1 PeriodicPing: Maksymalny czas oczekiwania na odpowiedz = 5
08/13/13 21:52:19 Serwer 5 ListenSocket: odebrano PING:PING
08/13/13 21:52:19 Serwer 1 PeriodicPing: Wysylam ping
08/13/13 21:52:19 Serwer 5 ListenSocket: znaleziono modul odpowiadajacy za obsluge
08/13/13 21:52:19 Serwer 1 ListenSocket: odebrano PONG:PONG
08/13/13 21:52:19 Serwer 5 StandardPing: wyslano PONG:PONG
08/13/13 21:52:19 Serwer 1 ListenSocket: znaleziono modul odpowiadajacy za obsluge
08/13/13 21:52:19 Serwer 5 ListenSocket: Oczekiwanie na wiadomosc
08/13/13 21:52:19 Serwer 1 StandardPong: Pong wrzucony do kolejki
08/13/13 21:52:19 Serwer 1 ListenSocket: Oczekiwanie na wiadomosc
08/13/13 21:52:21 Serwer 5 PeriodicPing: Maksymalny czas oczekiwania na odpowiedz = 5
08/13/13 21:52:21 Serwer 5 PeriodicPing: Wysylam ping
08/13/13 21:52:21 Serwer 1 ListenSocket: odebrano PING:PING
08/13/13 21:52:21 Serwer 1 ListenSocket: znaleziono modul odpowiadajacy za obsluge
08/13/13 21:52:21 Serwer 1 StandardPing: wyslano PONG:PONG
08/13/13 21:52:21 Serwer 5 ListenSocket: odebrano PONG:PONG
08/13/13 21:52:21 Serwer 1 ListenSocket: Oczekiwanie na wiadomosc
08/13/13 21:52:21 Serwer 5 ListenSocket: znaleziono modul odpowiadajacy za obsluge
08/13/13 21:52:21 Serwer 5 StandardPong: Pong wrzucony do kolejki
08/13/13 21:52:21 Serwer 5 ListenSocket: Oczekiwanie na wiadomosc
08/13/13 21:52:21 Serwer 1 PeriodicPing: Maksymalny czas oczekiwania na odpowiedz = 5
08/13/13 21:52:21 Serwer 1 PeriodicPing: Wysylam ping
08/13/13 21:52:21 Serwer 5 ListenSocket: odebrano PING:PING
08/13/13 21:52:21 Serwer 5 ListenSocket: znaleziono modul odpowiadajacy za obsluge
08/13/13 21:52:21 Serwer 1 ListenSocket: odebrano PONG:PONG
08/13/13 21:52:21 Serwer 1 ListenSocket: znaleziono modul odpowiadajacy za obsluge
08/13/13 21:52:21 Serwer 5 ListenSocket: Oczekiwanie na wiadomosc
08/13/13 21:52:21 Serwer 1 StandardPong: Pong wrzucony do kolejki
08/13/13 21:52:21 Serwer 1 ListenSocket: Oczekiwanie na wiadomosc
08/13/13 21:52:21 Serwer 5 StandardPing: wyslano PONG:PONG
08/13/13 21:52:23 Serwer 5 PeriodicPing: Maksymalny czas oczekiwania na odpowiedz = 5
08/13/13 21:52:23 Serwer 5 PeriodicPing: Wysylam ping
08/13/13 21:52:23 Serwer 1 ListenSocket: odebrano PING:PING
08/13/13 21:52:23 Serwer 1 ListenSocket: znaleziono modul odpowiadajacy za obsluge
08/13/13 21:52:23 Serwer 1 StandardPing: wyslano PONG:PONG
08/13/13 21:52:23 Serwer 5 ListenSocket: odebrano PONG:PONG
08/13/13 21:52:23 Serwer 1 ListenSocket: Oczekiwanie na wiadomosc
08/13/13 21:52:23 Serwer 5 StandardPong: Pong wrzucony do kolejki
08/13/13 21:52:23 Serwer 5 ListenSocket: Oczekiwanie na wiadomosc
08/13/13 21:52:23 Serwer 5 ListenSocket: znaleziono modul odpowiadajacy za obsluge
08/13/13 21:52:23 Serwer 1 PeriodicPing: Maksymalny czas oczekiwania na odpowiedz = 5
08/13/13 21:52:23 Serwer 1 PeriodicPing: Wysylam ping
08/13/13 21:52:23 Serwer 5 ListenSocket: odebrano PING:PING
08/13/13 21:52:23 Serwer 5 ListenSocket: znaleziono modul odpowiadajacy za obsluge
08/13/13 21:52:23 Serwer 1 ListenSocket: odebrano PONG:PONG
08/13/13 21:52:23 Serwer 5 StandardPing: wyslano PONG:PONG
08/13/13 21:52:23 Serwer 1 ListenSocket: znaleziono modul odpowiadajacy za obsluge
08/13/13 21:52:23 Serwer 1 StandardPong: Pong wrzucony do kolejki
08/13/13 21:52:23 Serwer 1 ListenSocket: Oczekiwanie na wiadomosc
08/13/13 21:52:23 Serwer 5 ListenSocket: Oczekiwanie na wiadomosc
08/13/13 21:52:25 Serwer 5 PeriodicPing: Maksymalny czas oczekiwania na odpowiedz = 5
08/13/13 21:52:25 Serwer 1 ListenSocket: odebrano PING:PING
08/13/13 21:52:25 Serwer 5 PeriodicPing: Wysylam ping
08/13/13 21:52:25 Serwer 1 ListenSocket: znaleziono modul odpowiadajacy za obsluge
08/13/13 21:52:25 Serwer 1 StandardPing: wyslano PONG:PONG
08/13/13 21:52:25 Serwer 1 ListenSocket: Oczekiwanie na wiadomosc
08/13/13 21:52:25 Serwer 5 ListenSocket: odebrano PONG:PONG
08/13/13 21:52:25 Serwer 5 ListenSocket: znaleziono modul odpowiadajacy za obsluge
08/13/13 21:52:25 Serwer 5 StandardPong: Pong wrzucony do kolejki
08/13/13 21:52:25 Serwer 5 ListenSocket: Oczekiwanie na wiadomosc
08/13/13 21:52:25 Serwer 1 PeriodicPing: Maksymalny czas oczekiwania na odpowiedz = 5
08/13/13 21:52:25 Serwer 5 ListenSocket: odebrano PING:PING
08/13/13 21:52:25 Serwer 1 PeriodicPing: Wysylam ping
08/13/13 21:52:25 Serwer 5 ListenSocket: znaleziono modul odpowiadajacy za obsluge
08/13/13 21:52:25 Serwer 5 StandardPing: wyslano PONG:PONG
08/13/13 21:52:25 Serwer 1 ListenSocket: odebrano PONG:PONG
08/13/13 21:52:25 Serwer 1 ListenSocket: znaleziono modul odpowiadajacy za obsluge
08/13/13 21:52:25 Serwer 1 StandardPong: Pong wrzucony do kolejki
08/13/13 21:52:25 Serwer 5 ListenSocket: Oczekiwanie na wiadomosc
08/13/13 21:52:25 Serwer 1 ListenSocket: Oczekiwanie na wiadomosc
08/13/13 21:52:27 Serwer 5 PeriodicPing: Maksymalny czas oczekiwania na odpowiedz = 5
08/13/13 21:52:27 Serwer 1 ListenSocket: odebrano PING:PING
08/13/13 21:52:27 Serwer 5 PeriodicPing: Wysylam ping
08/13/13 21:52:27 Serwer 1 ListenSocket: znaleziono modul odpowiadajacy za obsluge
08/13/13 21:52:27 Serwer 1 StandardPing: wyslano PONG:PONG
08/13/13 21:52:27 Serwer 1 ListenSocket: Oczekiwanie na wiadomosc
08/13/13 21:52:27 Serwer 5 ListenSocket: odebrano PONG:PONG
08/13/13 21:52:27 Serwer 5 ListenSocket: znaleziono modul odpowiadajacy za obsluge
08/13/13 21:52:27 Serwer 5 PeriodicPassExchange: Wysylam zapytanie o stare haslo do 192.168.56.102
08/13/13 21:52:27 Serwer 5 StandardPong: Pong wrzucony do kolejki
08/13/13 21:52:27 Serwer 1 ListenSocket: odebrano PASS_EXCH_RES:NEW_PASS
08/13/13 21:52:27 Serwer 1 ListenSocket: znaleziono modul odpowiadajacy za obsluge
08/13/13 21:52:27 Serwer 1 PasswordExchangeResponse: otrzymalem NEW_PASS
08/13/13 21:52:27 Serwer 1 PasswordExchangeResponse: wyszukuje stare haslo
08/13/13 21:52:27 Serwer 1 PasswordExchangeResponse: wyslalem stare haslo do 192.168.56.106
08/13/13 21:52:27 Serwer 5 ListenSocket: odebrano PASS_EXCH_REQ:OLD%KYzNB806coZgPIj8xNej4aWB
08/13/13 21:52:27 Serwer 5 ListenSocket: Oczekiwanie na wiadomosc
08/13/13 21:52:27 Serwer 1 ListenSocket: Oczekiwanie na wiadomosc
08/13/13 21:52:27 Serwer 5 ListenSocket: znaleziono modul odpowiadajacy za obsluge
08/13/13 21:52:27 Serwer 5 PasswordExchangeRequest: Otrzymalem stare haslo od 192.168.56.102
08/13/13 21:52:27 Serwer 1 PeriodicPing: Maksymalny czas oczekiwania na odpowiedz = 5
08/13/13 21:52:27 Serwer 5 PasswordExchangeRequest: spodziewane haslo KYzNB806coZgPIj8xNej4aWB otrzymano KYzNB806coZgPIj8xNej4aWB
08/13/13 21:52:27 Serwer 1 PeriodicPing: Wysylam ping
08/13/13 21:52:27 Serwer 5 PasswordExchangeRequest: Haslo zgodne
08/13/13 21:52:27 Serwer 5 PasswordExchangeRequest: Wyslalem nowe haslo
08/13/13 21:52:27 Serwer 1 ListenSocket: odebrano PASS_EXCH_RES:NEW%Vh6Q0d9AOHO97VXLArbQUTdu
08/13/13 21:52:27 Serwer 1 ListenSocket: znaleziono modul odpowiadajacy za obsluge
08/13/13 21:52:27 Serwer 1 PasswordExchangeResponse: otrzymalem NEW%Vh6Q0d9AOHO97VXLArbQUTdu
08/13/13 21:52:27 Serwer 5 ListenSocket: Oczekiwanie na wiadomosc
08/13/13 21:52:27 Serwer 5 ListenSocket: odebrano PING:PING
08/13/13 21:52:27 Serwer 1 PasswordExchangeResponse: Otrzymalem nowe haslo
08/13/13 21:52:27 Serwer 5 ListenSocket: znaleziono modul odpowiadajacy za obsluge
08/13/13 21:52:27 Serwer 1 PasswordExchangeResponse: zapisalem nowe haslo
08/13/13 21:52:27 Serwer 1 PasswordExchangeResponse: Wyslalem potwierdzenie do 192.168.56.106
08/13/13 21:52:27 Serwer 5 StandardPing: wyslano PONG:PONG
08/13/13 21:52:27 Serwer 1 ListenSocket: Oczekiwanie na wiadomosc
08/13/13 21:52:27 Serwer 5 ListenSocket: Oczekiwanie na wiadomosc
08/13/13 21:52:27 Serwer 1 ListenSocket: odebrano PONG:PONG
08/13/13 21:52:27 Serwer 5 ListenSocket: odebrano PASS_EXCH_REQ:ACK
08/13/13 21:52:27 Serwer 5 ListenSocket: znaleziono modul odpowiadajacy za obsluge
08/13/13 21:52:27 Serwer 1 ListenSocket: znaleziono modul odpowiadajacy za obsluge
08/13/13 21:52:27 Serwer 5 PasswordExchangeRequest: dostalem potwierdzenie zmiany hasla od 192.168.56.102
08/13/13 21:52:27 Serwer 1 StandardPong: Pong wrzucony do kolejki
08/13/13 21:52:27 Serwer 1 ListenSocket: Oczekiwanie na wiadomosc
08/13/13 21:52:27 Serwer 5 PasswordExchangeRequest: Haslo zostalo zmienione
08/13/13 21:52:27 Serwer 1 PeriodicPassExchange: Wysylam zapytanie o stare haslo do 192.168.56.106
08/13/13 21:52:27 Serwer 5 ListenSocket: Oczekiwanie na wiadomosc
08/13/13 21:52:27 Serwer 5 ListenSocket: odebrano PASS_EXCH_RES:NEW_PASS
08/13/13 21:52:27 Serwer 5 ListenSocket: znaleziono modul odpowiadajacy za obsluge
08/13/13 21:52:27 Serwer 5 PasswordExchangeResponse: otrzymalem NEW_PASS
08/13/13 21:52:27 Serwer 5 PasswordExchangeResponse: wyszukuje stare haslo
08/13/13 21:52:28 Serwer 1 ListenSocket: odebrano PASS_EXCH_REQ:OLD%BfOxuqolRboeFKTOpgr9I2vl
08/13/13 21:52:28 Serwer 5 PasswordExchangeResponse: wyslalem stare haslo do 192.168.56.102
08/13/13 21:52:28 Serwer 5 ListenSocket: Oczekiwanie na wiadomosc
08/13/13 21:52:28 Serwer 1 ListenSocket: znaleziono modul odpowiadajacy za obsluge
08/13/13 21:52:28 Serwer 1 PasswordExchangeRequest: Otrzymalem stare haslo od 192.168.56.106
08/13/13 21:52:28 Serwer 1 PasswordExchangeRequest: spodziewane haslo BfOxuqolRboeFKTOpgr9I2vl otrzymano BfOxuqolRboeFKTOpgr9I2vl
08/13/13 21:52:28 Serwer 1 PasswordExchangeRequest: Haslo zgodne
08/13/13 21:52:28 Serwer 5 ListenSocket: odebrano PASS_EXCH_RES:NEW%AbWeczh0mLHuLKH5D8Cb2VJO
08/13/13 21:52:28 Serwer 1 PasswordExchangeRequest: Wyslalem nowe haslo
08/13/13 21:52:28 Serwer 1 ListenSocket: Oczekiwanie na wiadomosc
08/13/13 21:52:28 Serwer 5 ListenSocket: znaleziono modul odpowiadajacy za obsluge
08/13/13 21:52:28 Serwer 5 PasswordExchangeResponse: otrzymalem NEW%AbWeczh0mLHuLKH5D8Cb2VJO
08/13/13 21:52:28 Serwer 5 PasswordExchangeResponse: Otrzymalem nowe haslo
08/13/13 21:52:28 Serwer 5 PasswordExchangeResponse: zapisalem nowe haslo
08/13/13 21:52:28 Serwer 1 ListenSocket: odebrano PASS_EXCH_REQ:ACK
08/13/13 21:52:28 Serwer 5 PasswordExchangeResponse: Wyslalem potwierdzenie do 192.168.56.102
08/13/13 21:52:28 Serwer 1 ListenSocket: znaleziono modul odpowiadajacy za obsluge
08/13/13 21:52:28 Serwer 5 ListenSocket: Oczekiwanie na wiadomosc
08/13/13 21:52:28 Serwer 1 PasswordExchangeRequest: dostalem potwierdzenie zmiany hasla od 192.168.56.106
08/13/13 21:52:28 Serwer 1 PasswordExchangeRequest: Haslo zostalo zmienione
08/13/13 21:52:28 Serwer 1 ListenSocket: Oczekiwanie na wiadomosc
08/13/13 21:52:29 Serwer 5 PeriodicPing: Maksymalny czas oczekiwania na odpowiedz = 5
08/13/13 21:52:29 Serwer 5 PeriodicPing: Wysylam ping
08/13/13 21:52:29 Serwer 1 ListenSocket: odebrano PING:PING
08/13/13 21:52:29 Serwer 1 ListenSocket: znaleziono modul odpowiadajacy za obsluge
08/13/13 21:52:29 Serwer 1 StandardPing: wyslano PONG:PONG
08/13/13 21:52:29 Serwer 5 ListenSocket: odebrano PONG:PONG
08/13/13 21:52:29 Serwer 5 ListenSocket: znaleziono modul odpowiadajacy za obsluge
08/13/13 21:52:29 Serwer 1 ListenSocket: Oczekiwanie na wiadomosc
08/13/13 21:52:29 Serwer 5 StandardPong: Pong wrzucony do kolejki
08/13/13 21:52:29 Serwer 5 ListenSocket: Oczekiwanie na wiadomosc
08/13/13 21:52:29 Serwer 1 PeriodicPing: Maksymalny czas oczekiwania na odpowiedz = 5
08/13/13 21:52:29 Serwer 1 PeriodicPing: Wysylam ping
08/13/13 21:52:29 Serwer 5 ListenSocket: odebrano PING:PING
08/13/13 21:52:29 Serwer 5 ListenSocket: znaleziono modul odpowiadajacy za obsluge
08/13/13 21:52:29 Serwer 1 ListenSocket: odebrano PONG:PONG
08/13/13 21:52:29 Serwer 5 StandardPing: wyslano PONG:PONG
08/13/13 21:52:30 Serwer 1 ListenSocket: znaleziono modul odpowiadajacy za obsluge
08/13/13 21:52:30 Serwer 5 ListenSocket: Oczekiwanie na wiadomosc
08/13/13 21:52:30 Serwer 1 StandardPong: Pong wrzucony do kolejki
08/13/13 21:52:30 Serwer 1 ListenSocket: Oczekiwanie na wiadomosc
08/13/13 21:52:31 Serwer 5 PeriodicPing: Maksymalny czas oczekiwania na odpowiedz = 5
08/13/13 21:52:31 Serwer 1 ListenSocket: odebrano PING:PING
08/13/13 21:52:31 Serwer 5 PeriodicPing: Wysylam ping
08/13/13 21:52:31 Serwer 1 ListenSocket: znaleziono modul odpowiadajacy za obsluge
08/13/13 21:52:31 Serwer 5 ListenSocket: odebrano PONG:PONG
08/13/13 21:52:31 Serwer 1 StandardPing: wyslano PONG:PONG
08/13/13 21:52:31 Serwer 5 ListenSocket: znaleziono modul odpowiadajacy za obsluge
08/13/13 21:52:31 Serwer 1 ListenSocket: Oczekiwanie na wiadomosc
08/13/13 21:52:31 Serwer 5 StandardPong: Pong wrzucony do kolejki
08/13/13 21:52:31 Serwer 5 ListenSocket: Oczekiwanie na wiadomosc
08/13/13 21:52:32 Serwer 1 PeriodicPing: Maksymalny czas oczekiwania na odpowiedz = 5
08/13/13 21:52:32 Serwer 1 PeriodicPing: Wysylam ping
08/13/13 21:52:32 Serwer 5 ListenSocket: znaleziono modul odpowiadajacy za obsluge
08/13/13 21:52:32 Serwer 1 ListenSocket: odebrano PONG:PONG
08/13/13 21:52:32 Serwer 5 StandardPing: wyslano PONG:PONG
08/13/13 21:52:32 Serwer 1 ListenSocket: znaleziono modul odpowiadajacy za obsluge
08/13/13 21:52:32 Serwer 5 ListenSocket: Oczekiwanie na wiadomosc
08/13/13 21:52:32 Serwer 1 StandardPong: Pong wrzucony do kolejki
08/13/13 21:52:32 Serwer 1 ListenSocket: Oczekiwanie na wiadomosc
08/13/13 21:52:32 Serwer 5 ListenSocket: odebrano PING:PING
08/13/13 21:52:33 Serwer 5 PeriodicPing: Maksymalny czas oczekiwania na odpowiedz = 5
08/13/13 21:52:33 Serwer 5 PeriodicPing: Wysylam ping
08/13/13 21:52:33 Serwer 1 ListenSocket: odebrano PING:PING
08/13/13 21:52:33 Serwer 1 ListenSocket: znaleziono modul odpowiadajacy za obsluge
08/13/13 21:52:33 Serwer 1 StandardPing: wyslano PONG:PONG
08/13/13 21:52:33 Serwer 5 ListenSocket: odebrano PONG:PONG
08/13/13 21:52:33 Serwer 5 ListenSocket: znaleziono modul odpowiadajacy za obsluge
08/13/13 21:52:33 Serwer 5 StandardPong: Pong wrzucony do kolejki
08/13/13 21:52:33 Serwer 5 ListenSocket: Oczekiwanie na wiadomosc
08/13/13 21:52:33 Serwer 1 ListenSocket: Oczekiwanie na wiadomosc
08/13/13 21:52:34 Serwer 1 PeriodicPing: Maksymalny czas oczekiwania na odpowiedz = 5
08/13/13 21:52:34 Serwer 5 ListenSocket: odebrano PING:PING
08/13/13 21:52:34 Serwer 1 PeriodicPing: Wysylam ping
08/13/13 21:52:34 Serwer 5 ListenSocket: znaleziono modul odpowiadajacy za obsluge
08/13/13 21:52:34 Serwer 1 ListenSocket: odebrano PONG:PONG
08/13/13 21:52:34 Serwer 5 StandardPing: wyslano PONG:PONG
08/13/13 21:52:34 Serwer 1 ListenSocket: znaleziono modul odpowiadajacy za obsluge
08/13/13 21:52:34 Serwer 5 ListenSocket: Oczekiwanie na wiadomosc
08/13/13 21:52:34 Serwer 1 StandardPong: Pong wrzucony do kolejki
08/13/13 21:52:34 Serwer 1 ListenSocket: Oczekiwanie na wiadomosc
08/13/13 21:52:35 Serwer 5 PeriodicPing: Maksymalny czas oczekiwania na odpowiedz = 5
08/13/13 21:52:35 Serwer 5 PeriodicPing: Wysylam ping
08/13/13 21:52:35 Serwer 1 ListenSocket: odebrano PING:PING
08/13/13 21:52:35 Serwer 1 ListenSocket: znaleziono modul odpowiadajacy za obsluge
08/13/13 21:52:35 Serwer 1 StandardPing: wyslano PONG:PONG
08/13/13 21:52:35 Serwer 5 ListenSocket: odebrano PONG:PONG
08/13/13 21:52:35 Serwer 1 ListenSocket: Oczekiwanie na wiadomosc
08/13/13 21:52:35 Serwer 5 StandardPong: Pong wrzucony do kolejki
08/13/13 21:52:35 Serwer 5 ListenSocket: Oczekiwanie na wiadomosc
08/13/13 21:52:35 Serwer 5 ListenSocket: znaleziono modul odpowiadajacy za obsluge
08/13/13 21:52:36 Serwer 1 PeriodicPing: Maksymalny czas oczekiwania na odpowiedz = 5
08/13/13 21:52:36 Serwer 1 PeriodicPing: Wysylam ping
08/13/13 21:52:36 Serwer 5 ListenSocket: odebrano PING:PING
08/13/13 21:52:36 Serwer 5 ListenSocket: znaleziono modul odpowiadajacy za obsluge
08/13/13 21:52:36 Serwer 1 ListenSocket: odebrano PONG:PONG
08/13/13 21:52:36 Serwer 5 StandardPing: wyslano PONG:PONG
08/13/13 21:52:36 Serwer 5 ListenSocket: Oczekiwanie na wiadomosc
08/13/13 21:52:36 Serwer 1 StandardPong: Pong wrzucony do kolejki
08/13/13 21:52:36 Serwer 1 ListenSocket: Oczekiwanie na wiadomosc
08/13/13 21:52:36 Serwer 1 ListenSocket: znaleziono modul odpowiadajacy za obsluge
08/13/13 21:52:37 Serwer 5 PeriodicPing: Maksymalny czas oczekiwania na odpowiedz = 5
08/13/13 21:52:37 Serwer 5 PeriodicPing: Wysylam ping
08/13/13 21:52:37 Serwer 1 ListenSocket: odebrano PING:PING
08/13/13 21:52:37 Serwer 1 ListenSocket: znaleziono modul odpowiadajacy za obsluge
08/13/13 21:52:37 Serwer 1 StandardPing: wyslano PONG:PONG
08/13/13 21:52:37 Serwer 5 ListenSocket: odebrano PONG:PONG
08/13/13 21:52:37 Serwer 5 ListenSocket: znaleziono modul odpowiadajacy za obsluge
08/13/13 21:52:37 Serwer 1 ListenSocket: Oczekiwanie na wiadomosc
08/13/13 21:52:37 Serwer 5 StandardPong: Pong wrzucony do kolejki
08/13/13 21:52:38 Serwer 5 ListenSocket: Oczekiwanie na wiadomosc
08/13/13 21:52:38 Serwer 1 PeriodicPing: Maksymalny czas oczekiwania na odpowiedz = 5
08/13/13 21:52:38 Serwer 5 ListenSocket: odebrano PING:PING
08/13/13 21:52:38 Serwer 1 PeriodicPing: Wysylam ping
08/13/13 21:52:38 Serwer 5 ListenSocket: znaleziono modul odpowiadajacy za obsluge
08/13/13 21:52:38 Serwer 1 ListenSocket: odebrano PONG:PONG
08/13/13 21:52:38 Serwer 5 StandardPing: wyslano PONG:PONG
08/13/13 21:52:38 Serwer 5 ListenSocket: Oczekiwanie na wiadomosc
08/13/13 21:52:38 Serwer 1 ListenSocket: znaleziono modul odpowiadajacy za obsluge
08/13/13 21:52:38 Serwer 1 StandardPong: Pong wrzucony do kolejki
08/13/13 21:52:38 Serwer 1 ListenSocket: Oczekiwanie na wiadomosc
08/13/13 21:52:40 Serwer 5 PeriodicPing: Maksymalny czas oczekiwania na odpowiedz = 5
08/13/13 21:52:40 Serwer 1 ListenSocket: odebrano PING:PING
08/13/13 21:52:40 Serwer 5 PeriodicPing: Wysylam ping
08/13/13 21:52:40 Serwer 1 ListenSocket: znaleziono modul odpowiadajacy za obsluge
08/13/13 21:52:40 Serwer 1 StandardPing: wyslano PONG:PONG
08/13/13 21:52:40 Serwer 5 ListenSocket: odebrano PONG:PONG
08/13/13 21:52:40 Serwer 1 ListenSocket: Oczekiwanie na wiadomosc
08/13/13 21:52:40 Serwer 5 ListenSocket: znaleziono modul odpowiadajacy za obsluge
08/13/13 21:52:40 Serwer 5 StandardPong: Pong wrzucony do kolejki
08/13/13 21:52:40 Serwer 5 ListenSocket: Oczekiwanie na wiadomosc
08/13/13 21:52:40 Serwer 5 PeriodicPassExchange: Wysylam zapytanie o stare haslo do 192.168.56.102
08/13/13 21:52:40 Serwer 1 ListenSocket: odebrano PASS_EXCH_RES:NEW_PASS
08/13/13 21:52:40 Serwer 1 ListenSocket: znaleziono modul odpowiadajacy za obsluge
08/13/13 21:52:40 Serwer 1 PasswordExchangeResponse: otrzymalem NEW_PASS
08/13/13 21:52:40 Serwer 1 PasswordExchangeResponse: wyszukuje stare haslo
08/13/13 21:52:40 Serwer 1 PasswordExchangeResponse: wyslalem stare haslo do 192.168.56.106
08/13/13 21:52:40 Serwer 1 ListenSocket: Oczekiwanie na wiadomosc
08/13/13 21:52:40 Serwer 5 ListenSocket: odebrano PASS_EXCH_REQ:OLD%Vh6Q0d9AOHO97VXLArbQUTdu
08/13/13 21:52:40 Serwer 5 ListenSocket: znaleziono modul odpowiadajacy za obsluge
08/13/13 21:52:40 Serwer 5 PasswordExchangeRequest: Otrzymalem stare haslo od 192.168.56.102
08/13/13 21:52:40 Serwer 5 PasswordExchangeRequest: spodziewane haslo Vh6Q0d9AOHO97VXLArbQUTdu otrzymano Vh6Q0d9AOHO97VXLArbQUTdu
08/13/13 21:52:40 Serwer 5 PasswordExchangeRequest: Haslo zgodne
08/13/13 21:52:40 Serwer 5 PasswordExchangeRequest: Wyslalem nowe haslo
08/13/13 21:52:40 Serwer 1 ListenSocket: odebrano PASS_EXCH_RES:NEW%hBG4uiielnR4npBMRuRULLEp
08/13/13 21:52:40 Serwer 5 ListenSocket: Oczekiwanie na wiadomosc
08/13/13 21:52:40 Serwer 1 ListenSocket: znaleziono modul odpowiadajacy za obsluge
08/13/13 21:52:40 Serwer 1 PasswordExchangeResponse: otrzymalem NEW%hBG4uiielnR4npBMRuRULLEp
08/13/13 21:52:40 Serwer 1 PasswordExchangeResponse: Otrzymalem nowe haslo
08/13/13 21:52:40 Serwer 1 PasswordExchangeResponse: zapisalem nowe haslo
08/13/13 21:52:40 Serwer 1 PeriodicPing: Maksymalny czas oczekiwania na odpowiedz = 5
08/13/13 21:52:40 Serwer 5 ListenSocket: odebrano PASS_EXCH_REQ:ACK
08/13/13 21:52:40 Serwer 1 PasswordExchangeResponse: Wyslalem potwierdzenie do 192.168.56.106
08/13/13 21:52:40 Serwer 1 PeriodicPing: Wysylam ping
08/13/13 21:52:40 Serwer 1 ListenSocket: Oczekiwanie na wiadomosc
08/13/13 21:52:40 Serwer 5 ListenSocket: znaleziono modul odpowiadajacy za obsluge
08/13/13 21:52:40 Serwer 5 PasswordExchangeRequest: dostalem potwierdzenie zmiany hasla od 192.168.56.102
08/13/13 21:52:40 Serwer 5 PasswordExchangeRequest: Haslo zostalo zmienione
08/13/13 21:52:40 Serwer 5 ListenSocket: Oczekiwanie na wiadomosc
08/13/13 21:52:40 Serwer 5 ListenSocket: odebrano PING:PING
08/13/13 21:52:40 Serwer 5 ListenSocket: znaleziono modul odpowiadajacy za obsluge
08/13/13 21:52:40 Serwer 1 ListenSocket: odebrano PONG:PONG
08/13/13 21:52:40 Serwer 5 StandardPing: wyslano PONG:PONG
08/13/13 21:52:40 Serwer 1 ListenSocket: znaleziono modul odpowiadajacy za obsluge
08/13/13 21:52:40 Serwer 5 ListenSocket: Oczekiwanie na wiadomosc
08/13/13 21:52:40 Serwer 1 StandardPong: Pong wrzucony do kolejki
08/13/13 21:52:40 Serwer 1 PeriodicPassExchange: Wysylam zapytanie o stare haslo do 192.168.56.106
08/13/13 21:52:40 Serwer 1 ListenSocket: Oczekiwanie na wiadomosc
08/13/13 21:52:40 Serwer 5 ListenSocket: odebrano PASS_EXCH_RES:NEW_PASS
08/13/13 21:52:40 Serwer 5 ListenSocket: znaleziono modul odpowiadajacy za obsluge
08/13/13 21:52:40 Serwer 5 PasswordExchangeResponse: otrzymalem NEW_PASS
08/13/13 21:52:40 Serwer 5 PasswordExchangeResponse: wyszukuje stare haslo
08/13/13 21:52:40 Serwer 1 ListenSocket: odebrano PASS_EXCH_REQ:OLD%AbWeczh0mLHuLKH5D8Cb2VJO
08/13/13 21:52:40 Serwer 5 PasswordExchangeResponse: wyslalem stare haslo do 192.168.56.102
08/13/13 21:52:40 Serwer 1 ListenSocket: znaleziono modul odpowiadajacy za obsluge
08/13/13 21:52:40 Serwer 1 PasswordExchangeRequest: Otrzymalem stare haslo od 192.168.56.106
08/13/13 21:52:40 Serwer 5 ListenSocket: Oczekiwanie na wiadomosc
08/13/13 21:52:40 Serwer 1 PasswordExchangeRequest: spodziewane haslo AbWeczh0mLHuLKH5D8Cb2VJO otrzymano AbWeczh0mLHuLKH5D8Cb2VJO
08/13/13 21:52:40 Serwer 1 PasswordExchangeRequest: Haslo zgodne
08/13/13 21:52:40 Serwer 1 PasswordExchangeRequest: Wyslalem nowe haslo
08/13/13 21:52:40 Serwer 5 ListenSocket: odebrano PASS_EXCH_RES:NEW%PNFoIlfF14jst5oBmq7VxPvq
08/13/13 21:52:40 Serwer 1 ListenSocket: Oczekiwanie na wiadomosc
08/13/13 21:52:40 Serwer 5 ListenSocket: znaleziono modul odpowiadajacy za obsluge
08/13/13 21:52:40 Serwer 5 PasswordExchangeResponse: otrzymalem NEW%PNFoIlfF14jst5oBmq7VxPvq
08/13/13 21:52:40 Serwer 5 PasswordExchangeResponse: Otrzymalem nowe haslo
08/13/13 21:52:40 Serwer 5 PasswordExchangeResponse: zapisalem nowe haslo
08/13/13 21:52:40 Serwer 5 PasswordExchangeResponse: Wyslalem potwierdzenie do 192.168.56.102
08/13/13 21:52:40 Serwer 5 ListenSocket: Oczekiwanie na wiadomosc
08/13/13 21:52:40 Serwer 1 ListenSocket: znaleziono modul odpowiadajacy za obsluge
08/13/13 21:52:40 Serwer 1 PasswordExchangeRequest: dostalem potwierdzenie zmiany hasla od 192.168.56.106
08/13/13 21:52:40 Serwer 1 PasswordExchangeRequest: Haslo zostalo zmienione
08/13/13 21:52:40 Serwer 1 ListenSocket: Oczekiwanie na wiadomosc
08/13/13 21:52:40 Serwer 1 ListenSocket: odebrano PASS_EXCH_REQ:ACK
08/13/13 21:52:42 Serwer 5 PeriodicPing: Maksymalny czas oczekiwania na odpowiedz = 5
08/13/13 21:52:42 Serwer 1 ListenSocket: odebrano PING:PING
08/13/13 21:52:42 Serwer 5 PeriodicPing: Wysylam ping
08/13/13 21:52:42 Serwer 1 ListenSocket: znaleziono modul odpowiadajacy za obsluge
08/13/13 21:52:42 Serwer 1 StandardPing: wyslano PONG:PONG
08/13/13 21:52:42 Serwer 1 ListenSocket: Oczekiwanie na wiadomosc
08/13/13 21:52:42 Serwer 5 ListenSocket: odebrano PONG:PONG
08/13/13 21:52:42 Serwer 5 ListenSocket: znaleziono modul odpowiadajacy za obsluge
08/13/13 21:52:42 Serwer 5 StandardPong: Pong wrzucony do kolejki
08/13/13 21:52:42 Serwer 5 ListenSocket: Oczekiwanie na wiadomosc
08/13/13 21:52:42 Serwer 1 PeriodicPing: Maksymalny czas oczekiwania na odpowiedz = 5
08/13/13 21:52:42 Serwer 1 PeriodicPing: Wysylam ping
08/13/13 21:52:42 Serwer 5 ListenSocket: znaleziono modul odpowiadajacy za obsluge
08/13/13 21:52:42 Serwer 1 ListenSocket: odebrano PONG:PONG
08/13/13 21:52:42 Serwer 5 StandardPing: wyslano PONG:PONG
08/13/13 21:52:42 Serwer 1 ListenSocket: znaleziono modul odpowiadajacy za obsluge
08/13/13 21:52:42 Serwer 5 ListenSocket: Oczekiwanie na wiadomosc
08/13/13 21:52:42 Serwer 1 StandardPong: Pong wrzucony do kolejki
08/13/13 21:52:42 Serwer 1 ListenSocket: Oczekiwanie na wiadomosc
08/13/13 21:52:42 Serwer 5 ListenSocket: odebrano PING:PING
08/13/13 21:52:44 Serwer 5 PeriodicPing: Maksymalny czas oczekiwania na odpowiedz = 5
08/13/13 21:52:44 Serwer 1 ListenSocket: odebrano PING:PING
08/13/13 21:52:44 Serwer 5 PeriodicPing: Wysylam ping
08/13/13 21:52:44 Serwer 1 ListenSocket: znaleziono modul odpowiadajacy za obsluge
08/13/13 21:52:44 Serwer 1 StandardPing: wyslano PONG:PONG
08/13/13 21:52:44 Serwer 5 ListenSocket: odebrano PONG:PONG
08/13/13 21:52:44 Serwer 5 ListenSocket: znaleziono modul odpowiadajacy za obsluge
08/13/13 21:52:44 Serwer 5 StandardPong: Pong wrzucony do kolejki
08/13/13 21:52:44 Serwer 5 ListenSocket: Oczekiwanie na wiadomosc
08/13/13 21:52:44 Serwer 1 ListenSocket: Oczekiwanie na wiadomosc
08/13/13 21:52:44 Serwer 1 PeriodicPing: Maksymalny czas oczekiwania na odpowiedz = 5
08/13/13 21:52:44 Serwer 1 PeriodicPing: Wysylam ping
08/13/13 21:52:44 Serwer 5 ListenSocket: odebrano PING:PING
08/13/13 21:52:44 Serwer 5 ListenSocket: znaleziono modul odpowiadajacy za obsluge
08/13/13 21:52:44 Serwer 5 StandardPing: wyslano PONG:PONG
08/13/13 21:52:44 Serwer 1 ListenSocket: odebrano PONG:PONG
08/13/13 21:52:44 Serwer 5 ListenSocket: Oczekiwanie na wiadomosc
08/13/13 21:52:44 Serwer 1 ListenSocket: znaleziono modul odpowiadajacy za obsluge
08/13/13 21:52:44 Serwer 1 StandardPong: Pong wrzucony do kolejki
08/13/13 21:52:44 Serwer 1 ListenSocket: Oczekiwanie na wiadomosc
08/13/13 21:52:44 Serwer 1 start_wsh: Serwer wznawia sprawdzanie
08/13/13 21:52:44 Serwer 1 Connection: connecting to 192.168.56.105:80/newHost
08/13/13 21:52:45 Serwer 5 start_wsh: Serwer wznawia sprawdzanie
08/13/13 21:52:45 Serwer 5 Connection: connecting to 192.168.56.105:80/newHost
08/13/13 21:52:46 Serwer 5 PeriodicPing: Maksymalny czas oczekiwania na odpowiedz = 5
08/13/13 21:52:46 Serwer 5 PeriodicPing: Wysylam ping
08/13/13 21:52:46 Serwer 1 ListenSocket: odebrano PING:PING
08/13/13 21:52:46 Serwer 1 ListenSocket: znaleziono modul odpowiadajacy za obsluge
08/13/13 21:52:46 Serwer 1 StandardPing: wyslano PONG:PONG
08/13/13 21:52:46 Serwer 1 ListenSocket: Oczekiwanie na wiadomosc
08/13/13 21:52:46 Serwer 5 ListenSocket: odebrano PONG:PONG
08/13/13 21:52:46 Serwer 5 ListenSocket: znaleziono modul odpowiadajacy za obsluge
08/13/13 21:52:46 Serwer 5 StandardPong: Pong wrzucony do kolejki
08/13/13 21:52:46 Serwer 5 ListenSocket: Oczekiwanie na wiadomosc
08/13/13 21:52:46 Serwer 1 PeriodicPing: Maksymalny czas oczekiwania na odpowiedz = 5
08/13/13 21:52:46 Serwer 1 PeriodicPing: Wysylam ping
08/13/13 21:52:46 Serwer 5 ListenSocket: odebrano PING:PING
08/13/13 21:52:46 Serwer 5 ListenSocket: znaleziono modul odpowiadajacy za obsluge
08/13/13 21:52:46 Serwer 1 ListenSocket: odebrano PONG:PONG
08/13/13 21:52:46 Serwer 5 StandardPing: wyslano PONG:PONG
08/13/13 21:52:46 Serwer 1 ListenSocket: znaleziono modul odpowiadajacy za obsluge
08/13/13 21:52:46 Serwer 1 StandardPong: Pong wrzucony do kolejki
08/13/13 21:52:46 Serwer 1 ListenSocket: Oczekiwanie na wiadomosc
08/13/13 21:52:46 Serwer 5 ListenSocket: Oczekiwanie na wiadomosc
08/13/13 21:52:47 Serwer 1 Connection: Wystapil problem
08/13/13 21:52:47 Serwer 1 Connection: 
08/13/13 21:52:47 Serwer 1 start_wsh: Nie moge polaczyc sie z 192.168.56.105
08/13/13 21:52:47 Serwer 1 Connection: connecting to 192.168.56.104:80/newHost
08/13/13 21:52:48 Serwer 5 Connection: Wystapil problem
08/13/13 21:52:48 Serwer 5 Connection: 
08/13/13 21:52:48 Serwer 5 start_wsh: Nie moge polaczyc sie z 192.168.56.105
08/13/13 21:52:48 Serwer 5 Connection: connecting to 192.168.56.104:80/newHost
08/13/13 21:52:48 Serwer 5 PeriodicPing: Maksymalny czas oczekiwania na odpowiedz = 5
08/13/13 21:52:48 Serwer 5 PeriodicPing: Wysylam ping
08/13/13 21:52:48 Serwer 1 ListenSocket: odebrano PING:PING
08/13/13 21:52:48 Serwer 1 ListenSocket: znaleziono modul odpowiadajacy za obsluge
08/13/13 21:52:48 Serwer 5 ListenSocket: odebrano PONG:PONG
08/13/13 21:52:48 Serwer 1 ListenSocket: Oczekiwanie na wiadomosc
08/13/13 21:52:48 Serwer 5 ListenSocket: znaleziono modul odpowiadajacy za obsluge
08/13/13 21:52:48 Serwer 5 StandardPong: Pong wrzucony do kolejki
08/13/13 21:52:48 Serwer 5 ListenSocket: Oczekiwanie na wiadomosc
08/13/13 21:52:48 Serwer 1 StandardPing: wyslano PONG:PONG
08/13/13 21:52:48 Serwer 1 PeriodicPing: Maksymalny czas oczekiwania na odpowiedz = 5
08/13/13 21:52:48 Serwer 1 PeriodicPing: Wysylam ping
08/13/13 21:52:48 Serwer 5 ListenSocket: odebrano PING:PING
08/13/13 21:52:48 Serwer 5 ListenSocket: znaleziono modul odpowiadajacy za obsluge
08/13/13 21:52:48 Serwer 1 ListenSocket: odebrano PONG:PONG
08/13/13 21:52:48 Serwer 5 StandardPing: wyslano PONG:PONG
08/13/13 21:52:48 Serwer 5 ListenSocket: Oczekiwanie na wiadomosc
08/13/13 21:52:48 Serwer 1 ListenSocket: znaleziono modul odpowiadajacy za obsluge
08/13/13 21:52:48 Serwer 1 StandardPong: Pong wrzucony do kolejki
08/13/13 21:52:48 Serwer 1 ListenSocket: Oczekiwanie na wiadomosc
08/13/13 21:52:50 Serwer 5 PeriodicPing: Maksymalny czas oczekiwania na odpowiedz = 5
08/13/13 21:52:50 Serwer 1 ListenSocket: odebrano PING:PING
08/13/13 21:52:50 Serwer 1 ListenSocket: znaleziono modul odpowiadajacy za obsluge
08/13/13 21:52:50 Serwer 1 StandardPing: wyslano PONG:PONG
08/13/13 21:52:50 Serwer 1 ListenSocket: Oczekiwanie na wiadomosc
08/13/13 21:52:50 Serwer 5 ListenSocket: odebrano PONG:PONG
08/13/13 21:52:50 Serwer 5 ListenSocket: znaleziono modul odpowiadajacy za obsluge
08/13/13 21:52:50 Serwer 5 PeriodicPing: Wysylam ping
08/13/13 21:52:50 Serwer 5 StandardPong: Pong wrzucony do kolejki
08/13/13 21:52:50 Serwer 5 ListenSocket: Oczekiwanie na wiadomosc
08/13/13 21:52:50 Serwer 1 PeriodicPing: Maksymalny czas oczekiwania na odpowiedz = 5
08/13/13 21:52:50 Serwer 5 ListenSocket: odebrano PING:PING
08/13/13 21:52:50 Serwer 1 PeriodicPing: Wysylam ping
08/13/13 21:52:50 Serwer 5 ListenSocket: znaleziono modul odpowiadajacy za obsluge
08/13/13 21:52:50 Serwer 1 ListenSocket: odebrano PONG:PONG
08/13/13 21:52:50 Serwer 5 StandardPing: wyslano PONG:PONG
08/13/13 21:52:50 Serwer 1 ListenSocket: znaleziono modul odpowiadajacy za obsluge
08/13/13 21:52:50 Serwer 1 StandardPong: Pong wrzucony do kolejki
08/13/13 21:52:50 Serwer 5 ListenSocket: Oczekiwanie na wiadomosc
08/13/13 21:52:50 Serwer 1 ListenSocket: Oczekiwanie na wiadomosc
08/13/13 21:52:50 Serwer 1 Connection: Wystapil problem
08/13/13 21:52:50 Serwer 1 Connection: 
08/13/13 21:52:50 Serwer 1 start_wsh: Nie moge polaczyc sie z 192.168.56.104
08/13/13 21:52:50 Serwer 1 Connection: connecting to 192.168.56.103:80/newHost
08/13/13 21:52:51 Serwer 5 Connection: Wystapil problem
08/13/13 21:52:51 Serwer 5 Connection: 
08/13/13 21:52:51 Serwer 5 start_wsh: Nie moge polaczyc sie z 192.168.56.104
08/13/13 21:52:51 Serwer 5 Connection: connecting to 192.168.56.103:80/newHost
08/13/13 21:52:52 Serwer 5 PeriodicPing: Maksymalny czas oczekiwania na odpowiedz = 5
08/13/13 21:52:52 Serwer 5 PeriodicPing: Wysylam ping
08/13/13 21:52:52 Serwer 1 ListenSocket: odebrano PING:PING
08/13/13 21:52:52 Serwer 1 ListenSocket: znaleziono modul odpowiadajacy za obsluge
08/13/13 21:52:52 Serwer 1 StandardPing: wyslano PONG:PONG
08/13/13 21:52:52 Serwer 5 ListenSocket: odebrano PONG:PONG
08/13/13 21:52:52 Serwer 1 ListenSocket: Oczekiwanie na wiadomosc
08/13/13 21:52:52 Serwer 5 ListenSocket: znaleziono modul odpowiadajacy za obsluge
08/13/13 21:52:52 Serwer 5 StandardPong: Pong wrzucony do kolejki
08/13/13 21:52:52 Serwer 5 ListenSocket: Oczekiwanie na wiadomosc
08/13/13 21:52:52 Serwer 5 PeriodicPassExchange: Wysylam zapytanie o stare haslo do 192.168.56.102
08/13/13 21:52:52 Serwer 1 ListenSocket: odebrano PASS_EXCH_RES:NEW_PASS
08/13/13 21:52:52 Serwer 1 ListenSocket: znaleziono modul odpowiadajacy za obsluge
08/13/13 21:52:52 Serwer 1 PasswordExchangeResponse: otrzymalem NEW_PASS
08/13/13 21:52:52 Serwer 1 PasswordExchangeResponse: wyszukuje stare haslo
08/13/13 21:52:52 Serwer 1 PasswordExchangeResponse: wyslalem stare haslo do 192.168.56.106
08/13/13 21:52:52 Serwer 1 ListenSocket: Oczekiwanie na wiadomosc
08/13/13 21:52:52 Serwer 5 ListenSocket: odebrano PASS_EXCH_REQ:OLD%hBG4uiielnR4npBMRuRULLEp
08/13/13 21:52:52 Serwer 5 ListenSocket: znaleziono modul odpowiadajacy za obsluge
08/13/13 21:52:52 Serwer 5 PasswordExchangeRequest: Otrzymalem stare haslo od 192.168.56.102
08/13/13 21:52:52 Serwer 5 PasswordExchangeRequest: spodziewane haslo hBG4uiielnR4npBMRuRULLEp otrzymano hBG4uiielnR4npBMRuRULLEp
08/13/13 21:52:52 Serwer 5 PasswordExchangeRequest: Haslo zgodne
08/13/13 21:52:52 Serwer 5 PasswordExchangeRequest: Wyslalem nowe haslo
08/13/13 21:52:52 Serwer 1 PeriodicPing: Maksymalny czas oczekiwania na odpowiedz = 5
08/13/13 21:52:52 Serwer 5 ListenSocket: Oczekiwanie na wiadomosc
08/13/13 21:52:52 Serwer 1 PeriodicPing: Wysylam ping
08/13/13 21:52:52 Serwer 1 ListenSocket: znaleziono modul odpowiadajacy za obsluge
08/13/13 21:52:52 Serwer 5 ListenSocket: znaleziono modul odpowiadajacy za obsluge
08/13/13 21:52:52 Serwer 1 PasswordExchangeResponse: otrzymalem NEW%UKPJh1CYDwK2Xy4GHb2JxGTN
08/13/13 21:52:52 Serwer 5 StandardPing: wyslano PONG:PONG
08/13/13 21:52:52 Serwer 1 PasswordExchangeResponse: Otrzymalem nowe haslo
08/13/13 21:52:52 Serwer 5 ListenSocket: Oczekiwanie na wiadomosc
08/13/13 21:52:52 Serwer 1 ListenSocket: odebrano PASS_EXCH_RES:NEW%UKPJh1CYDwK2Xy4GHb2JxGTN
08/13/13 21:52:52 Serwer 1 PasswordExchangeResponse: zapisalem nowe haslo
08/13/13 21:52:52 Serwer 5 ListenSocket: odebrano PASS_EXCH_REQ:ACK
08/13/13 21:52:52 Serwer 5 ListenSocket: odebrano PING:PING
08/13/13 21:52:52 Serwer 1 PasswordExchangeResponse: Wyslalem potwierdzenie do 192.168.56.106
08/13/13 21:52:52 Serwer 1 ListenSocket: Oczekiwanie na wiadomosc
08/13/13 21:52:52 Serwer 5 ListenSocket: znaleziono modul odpowiadajacy za obsluge
08/13/13 21:52:52 Serwer 5 PasswordExchangeRequest: dostalem potwierdzenie zmiany hasla od 192.168.56.102
08/13/13 21:52:52 Serwer 1 ListenSocket: odebrano PONG:PONG
08/13/13 21:52:52 Serwer 1 ListenSocket: znaleziono modul odpowiadajacy za obsluge
08/13/13 21:52:52 Serwer 5 PasswordExchangeRequest: Haslo zostalo zmienione
08/13/13 21:52:52 Serwer 1 StandardPong: Pong wrzucony do kolejki
08/13/13 21:52:52 Serwer 1 ListenSocket: Oczekiwanie na wiadomosc
08/13/13 21:52:52 Serwer 5 ListenSocket: Oczekiwanie na wiadomosc
08/13/13 21:52:52 Serwer 1 PeriodicPassExchange: Wysylam zapytanie o stare haslo do 192.168.56.106
08/13/13 21:52:52 Serwer 5 ListenSocket: odebrano PASS_EXCH_RES:NEW_PASS
08/13/13 21:52:52 Serwer 5 ListenSocket: znaleziono modul odpowiadajacy za obsluge
08/13/13 21:52:52 Serwer 5 PasswordExchangeResponse: otrzymalem NEW_PASS
08/13/13 21:52:52 Serwer 5 PasswordExchangeResponse: wyszukuje stare haslo
08/13/13 21:52:52 Serwer 1 ListenSocket: znaleziono modul odpowiadajacy za obsluge
08/13/13 21:52:52 Serwer 1 ListenSocket: odebrano PASS_EXCH_REQ:OLD%PNFoIlfF14jst5oBmq7VxPvq
08/13/13 21:52:52 Serwer 5 PasswordExchangeResponse: wyslalem stare haslo do 192.168.56.102
08/13/13 21:52:52 Serwer 1 PasswordExchangeRequest: Otrzymalem stare haslo od 192.168.56.106
08/13/13 21:52:52 Serwer 5 ListenSocket: Oczekiwanie na wiadomosc
08/13/13 21:52:52 Serwer 1 PasswordExchangeRequest: spodziewane haslo PNFoIlfF14jst5oBmq7VxPvq otrzymano PNFoIlfF14jst5oBmq7VxPvq
08/13/13 21:52:52 Serwer 1 PasswordExchangeRequest: Haslo zgodne
08/13/13 21:52:53 Serwer 1 PasswordExchangeRequest: Wyslalem nowe haslo
08/13/13 21:52:53 Serwer 5 ListenSocket: odebrano PASS_EXCH_RES:NEW%RTwKpj30Y3Nmo0MgRDU8hLyM
08/13/13 21:52:53 Serwer 5 ListenSocket: znaleziono modul odpowiadajacy za obsluge
08/13/13 21:52:53 Serwer 5 PasswordExchangeResponse: otrzymalem NEW%RTwKpj30Y3Nmo0MgRDU8hLyM
08/13/13 21:52:53 Serwer 5 PasswordExchangeResponse: Otrzymalem nowe haslo
08/13/13 21:52:53 Serwer 5 PasswordExchangeResponse: zapisalem nowe haslo
08/13/13 21:52:53 Serwer 5 PasswordExchangeResponse: Wyslalem potwierdzenie do 192.168.56.102
08/13/13 21:52:53 Serwer 1 ListenSocket: Oczekiwanie na wiadomosc
08/13/13 21:52:53 Serwer 1 ListenSocket: odebrano PASS_EXCH_REQ:ACK
08/13/13 21:52:53 Serwer 5 ListenSocket: Oczekiwanie na wiadomosc
08/13/13 21:52:53 Serwer 1 ListenSocket: znaleziono modul odpowiadajacy za obsluge
08/13/13 21:52:53 Serwer 1 PasswordExchangeRequest: dostalem potwierdzenie zmiany hasla od 192.168.56.106
08/13/13 21:52:53 Serwer 1 PasswordExchangeRequest: Haslo zostalo zmienione
08/13/13 21:52:53 Serwer 1 ListenSocket: Oczekiwanie na wiadomosc
08/13/13 21:52:53 Serwer 1 Connection: Wystapil problem
08/13/13 21:52:53 Serwer 1 Connection: 
08/13/13 21:52:53 Serwer 1 start_wsh: Nie moge polaczyc sie z 192.168.56.103
08/13/13 21:52:53 Serwer 1 MakeCoherent: analizuje 192.168.56.105
08/13/13 21:52:53 Serwer 1 MakeCoherent: analizuje 192.168.56.104
08/13/13 21:52:53 Serwer 1 MakeCoherent: analizuje 192.168.56.106
08/13/13 21:52:53 Serwer 1 MakeCoherent: analizuje localhost
08/13/13 21:52:53 Serwer 1 MakeCoherent: analizuje 192.168.56.103
08/13/13 21:52:53 Serwer 1 MakeCoherent: Dane na serwerze sa aktualne
08/13/13 21:52:53 Serwer 1 BroadcastNewDataVersion: wewnatrz modulu rozglaszania nowej wersji 
08/13/13 21:52:54 Serwer 1 start_wsh: Serwer rozpoczyna czeanie na kolejna ture sprawdzania
08/13/13 21:52:54 Serwer 5 Connection: Wystapil problem
08/13/13 21:52:54 Serwer 5 Connection: 
08/13/13 21:52:54 Serwer 5 start_wsh: Nie moge polaczyc sie z 192.168.56.103
08/13/13 21:52:54 Serwer 5 MakeCoherent: analizuje 192.168.56.105
08/13/13 21:52:54 Serwer 5 MakeCoherent: analizuje 192.168.56.104
08/13/13 21:52:54 Serwer 5 MakeCoherent: analizuje localhost
08/13/13 21:52:54 Serwer 5 MakeCoherent: analizuje 192.168.56.103
08/13/13 21:52:54 Serwer 5 MakeCoherent: analizuje 192.168.56.102
08/13/13 21:52:54 Serwer 5 MakeCoherent: Dane na serwerze sa aktualne
08/13/13 21:52:54 Serwer 5 BroadcastNewDataVersion: wewnatrz modulu rozglaszania nowej wersji 
08/13/13 21:52:54 Serwer 5 start_wsh: Serwer rozpoczyna czeanie na kolejna ture sprawdzania
08/13/13 21:52:54 Serwer 1 ListenSocket: odebrano PING:PING
08/13/13 21:52:54 Serwer 5 PeriodicPing: Maksymalny czas oczekiwania na odpowiedz = 5
08/13/13 21:52:54 Serwer 5 PeriodicPing: Wysylam ping
08/13/13 21:52:54 Serwer 1 ListenSocket: znaleziono modul odpowiadajacy za obsluge
08/13/13 21:52:54 Serwer 1 StandardPing: wyslano PONG:PONG
08/13/13 21:52:54 Serwer 1 ListenSocket: Oczekiwanie na wiadomosc
08/13/13 21:52:54 Serwer 5 ListenSocket: odebrano PONG:PONG
08/13/13 21:52:54 Serwer 5 ListenSocket: znaleziono modul odpowiadajacy za obsluge
08/13/13 21:52:54 Serwer 5 StandardPong: Pong wrzucony do kolejki
08/13/13 21:52:54 Serwer 5 ListenSocket: Oczekiwanie na wiadomosc
08/13/13 21:52:54 Serwer 1 PeriodicPing: Maksymalny czas oczekiwania na odpowiedz = 5
08/13/13 21:52:54 Serwer 1 PeriodicPing: Wysylam ping
08/13/13 21:52:54 Serwer 5 ListenSocket: odebrano PING:PING
08/13/13 21:52:54 Serwer 5 ListenSocket: znaleziono modul odpowiadajacy za obsluge
08/13/13 21:52:54 Serwer 1 ListenSocket: odebrano PONG:PONG
08/13/13 21:52:54 Serwer 5 StandardPing: wyslano PONG:PONG
08/13/13 21:52:54 Serwer 5 ListenSocket: Oczekiwanie na wiadomosc
08/13/13 21:52:54 Serwer 1 ListenSocket: znaleziono modul odpowiadajacy za obsluge
08/13/13 21:52:54 Serwer 1 StandardPong: Pong wrzucony do kolejki
08/13/13 21:52:54 Serwer 1 ListenSocket: Oczekiwanie na wiadomosc
08/13/13 21:52:56 Serwer 5 PeriodicPing: Maksymalny czas oczekiwania na odpowiedz = 5
08/13/13 21:52:56 Serwer 1 ListenSocket: odebrano PING:PING
08/13/13 21:52:56 Serwer 1 ListenSocket: znaleziono modul odpowiadajacy za obsluge
08/13/13 21:52:56 Serwer 1 StandardPing: wyslano PONG:PONG
08/13/13 21:52:56 Serwer 5 ListenSocket: odebrano PONG:PONG
08/13/13 21:52:56 Serwer 1 ListenSocket: Oczekiwanie na wiadomosc
08/13/13 21:52:56 Serwer 5 ListenSocket: znaleziono modul odpowiadajacy za obsluge
08/13/13 21:52:56 Serwer 5 StandardPong: Pong wrzucony do kolejki
08/13/13 21:52:56 Serwer 5 PeriodicPing: Wysylam ping
08/13/13 21:52:56 Serwer 5 ListenSocket: Oczekiwanie na wiadomosc
08/13/13 21:52:56 Serwer 1 PeriodicPing: Maksymalny czas oczekiwania na odpowiedz = 5
08/13/13 21:52:56 Serwer 1 PeriodicPing: Wysylam ping
08/13/13 21:52:56 Serwer 5 ListenSocket: odebrano PING:PING
08/13/13 21:52:56 Serwer 5 ListenSocket: znaleziono modul odpowiadajacy za obsluge
08/13/13 21:52:57 Serwer 5 StandardPing: wyslano PONG:PONG
08/13/13 21:52:57 Serwer 1 ListenSocket: odebrano PONG:PONG
08/13/13 21:52:57 Serwer 5 ListenSocket: Oczekiwanie na wiadomosc
08/13/13 21:52:57 Serwer 1 ListenSocket: znaleziono modul odpowiadajacy za obsluge
08/13/13 21:52:57 Serwer 1 StandardPong: Pong wrzucony do kolejki
08/13/13 21:52:57 Serwer 1 ListenSocket: Oczekiwanie na wiadomosc
08/13/13 21:52:58 Serwer 5 PeriodicPing: Maksymalny czas oczekiwania na odpowiedz = 5
08/13/13 21:52:58 Serwer 5 PeriodicPing: Wysylam ping
08/13/13 21:52:58 Serwer 1 ListenSocket: odebrano PING:PING
08/13/13 21:52:58 Serwer 1 ListenSocket: znaleziono modul odpowiadajacy za obsluge
08/13/13 21:52:58 Serwer 1 StandardPing: wyslano PONG:PONG
08/13/13 21:52:58 Serwer 1 ListenSocket: Oczekiwanie na wiadomosc
08/13/13 21:52:58 Serwer 5 ListenSocket: odebrano PONG:PONG
08/13/13 21:52:58 Serwer 5 ListenSocket: znaleziono modul odpowiadajacy za obsluge
08/13/13 21:52:58 Serwer 5 StandardPong: Pong wrzucony do kolejki
08/13/13 21:52:58 Serwer 5 ListenSocket: Oczekiwanie na wiadomosc
08/13/13 21:52:59 Serwer 1 PeriodicPing: Maksymalny czas oczekiwania na odpowiedz = 5
08/13/13 21:52:59 Serwer 1 PeriodicPing: Wysylam ping
08/13/13 21:52:59 Serwer 5 ListenSocket: odebrano PING:PING
08/13/13 21:52:59 Serwer 5 ListenSocket: znaleziono modul odpowiadajacy za obsluge
08/13/13 21:52:59 Serwer 5 StandardPing: wyslano PONG:PONG
08/13/13 21:52:59 Serwer 1 ListenSocket: odebrano PONG:PONG
08/13/13 21:52:59 Serwer 5 ListenSocket: Oczekiwanie na wiadomosc
08/13/13 21:52:59 Serwer 1 ListenSocket: znaleziono modul odpowiadajacy za obsluge
08/13/13 21:52:59 Serwer 1 StandardPong: Pong wrzucony do kolejki
08/13/13 21:52:59 Serwer 1 ListenSocket: Oczekiwanie na wiadomosc
08/13/13 21:53:00 Serwer 5 PeriodicPing: Maksymalny czas oczekiwania na odpowiedz = 5
08/13/13 21:53:00 Serwer 1 ListenSocket: odebrano PING:PING
08/13/13 21:53:00 Serwer 1 ListenSocket: znaleziono modul odpowiadajacy za obsluge
08/13/13 21:53:00 Serwer 1 StandardPing: wyslano PONG:PONG
08/13/13 21:53:00 Serwer 1 ListenSocket: Oczekiwanie na wiadomosc
08/13/13 21:53:00 Serwer 5 ListenSocket: odebrano PONG:PONG
08/13/13 21:53:00 Serwer 5 ListenSocket: znaleziono modul odpowiadajacy za obsluge
08/13/13 21:53:00 Serwer 5 PeriodicPing: Wysylam ping
08/13/13 21:53:00 Serwer 5 StandardPong: Pong wrzucony do kolejki
08/13/13 21:53:00 Serwer 5 ListenSocket: Oczekiwanie na wiadomosc
08/13/13 21:53:01 Serwer 1 PeriodicPing: Maksymalny czas oczekiwania na odpowiedz = 5
08/13/13 21:53:01 Serwer 1 PeriodicPing: Wysylam ping
08/13/13 21:53:01 Serwer 5 ListenSocket: odebrano PING:PING
08/13/13 21:53:01 Serwer 5 ListenSocket: znaleziono modul odpowiadajacy za obsluge
08/13/13 21:53:01 Serwer 1 ListenSocket: odebrano PONG:PONG
08/13/13 21:53:01 Serwer 5 StandardPing: wyslano PONG:PONG
08/13/13 21:53:01 Serwer 1 ListenSocket: znaleziono modul odpowiadajacy za obsluge
08/13/13 21:53:01 Serwer 5 ListenSocket: Oczekiwanie na wiadomosc
08/13/13 21:53:01 Serwer 1 StandardPong: Pong wrzucony do kolejki
08/13/13 21:53:01 Serwer 1 ListenSocket: Oczekiwanie na wiadomosc
08/13/13 21:53:02 Serwer 5 PeriodicPing: Maksymalny czas oczekiwania na odpowiedz = 5
08/13/13 21:53:02 Serwer 5 PeriodicPing: Wysylam ping
08/13/13 21:53:02 Serwer 1 ListenSocket: odebrano PING:PING
08/13/13 21:53:02 Serwer 1 ListenSocket: znaleziono modul odpowiadajacy za obsluge
08/13/13 21:53:02 Serwer 1 StandardPing: wyslano PONG:PONG
08/13/13 21:53:02 Serwer 5 ListenSocket: odebrano PONG:PONG
08/13/13 21:53:02 Serwer 1 ListenSocket: Oczekiwanie na wiadomosc
08/13/13 21:53:02 Serwer 5 ListenSocket: znaleziono modul odpowiadajacy za obsluge
08/13/13 21:53:03 Serwer 5 StandardPong: Pong wrzucony do kolejki
08/13/13 21:53:03 Serwer 5 ListenSocket: Oczekiwanie na wiadomosc
08/13/13 21:53:03 Serwer 1 PeriodicPing: Maksymalny czas oczekiwania na odpowiedz = 5
08/13/13 21:53:03 Serwer 5 ListenSocket: odebrano PING:PING
08/13/13 21:53:03 Serwer 5 ListenSocket: znaleziono modul odpowiadajacy za obsluge
08/13/13 21:53:03 Serwer 1 ListenSocket: odebrano PONG:PONG
08/13/13 21:53:03 Serwer 5 StandardPing: wyslano PONG:PONG
08/13/13 21:53:03 Serwer 5 ListenSocket: Oczekiwanie na wiadomosc
08/13/13 21:53:03 Serwer 1 ListenSocket: znaleziono modul odpowiadajacy za obsluge
08/13/13 21:53:03 Serwer 1 StandardPong: Pong wrzucony do kolejki
08/13/13 21:53:03 Serwer 1 ListenSocket: Oczekiwanie na wiadomosc
08/13/13 21:53:03 Serwer 1 PeriodicPing: Wysylam ping
08/13/13 21:53:05 Serwer 5 PeriodicPing: Maksymalny czas oczekiwania na odpowiedz = 5
08/13/13 21:53:05 Serwer 1 ListenSocket: odebrano PING:PING
08/13/13 21:53:05 Serwer 5 PeriodicPing: Wysylam ping
08/13/13 21:53:05 Serwer 1 ListenSocket: znaleziono modul odpowiadajacy za obsluge
08/13/13 21:53:05 Serwer 1 StandardPing: wyslano PONG:PONG
08/13/13 21:53:05 Serwer 1 ListenSocket: Oczekiwanie na wiadomosc
08/13/13 21:53:05 Serwer 5 ListenSocket: odebrano PONG:PONG
08/13/13 21:53:05 Serwer 5 ListenSocket: znaleziono modul odpowiadajacy za obsluge
08/13/13 21:53:05 Serwer 5 PeriodicPassExchange: Wysylam zapytanie o stare haslo do 192.168.56.102
08/13/13 21:53:05 Serwer 5 StandardPong: Pong wrzucony do kolejki
08/13/13 21:53:05 Serwer 5 ListenSocket: Oczekiwanie na wiadomosc
08/13/13 21:53:05 Serwer 1 ListenSocket: odebrano PASS_EXCH_RES:NEW_PASS
08/13/13 21:53:05 Serwer 1 ListenSocket: znaleziono modul odpowiadajacy za obsluge
08/13/13 21:53:05 Serwer 1 PasswordExchangeResponse: otrzymalem NEW_PASS
08/13/13 21:53:05 Serwer 1 PasswordExchangeResponse: wyszukuje stare haslo
08/13/13 21:53:05 Serwer 5 ListenSocket: odebrano PASS_EXCH_REQ:OLD%UKPJh1CYDwK2Xy4GHb2JxGTN
08/13/13 21:53:05 Serwer 1 PasswordExchangeResponse: wyslalem stare haslo do 192.168.56.106
08/13/13 21:53:05 Serwer 5 ListenSocket: znaleziono modul odpowiadajacy za obsluge
08/13/13 21:53:05 Serwer 1 ListenSocket: Oczekiwanie na wiadomosc
08/13/13 21:53:05 Serwer 5 PasswordExchangeRequest: Otrzymalem stare haslo od 192.168.56.102
08/13/13 21:53:05 Serwer 5 PasswordExchangeRequest: spodziewane haslo UKPJh1CYDwK2Xy4GHb2JxGTN otrzymano UKPJh1CYDwK2Xy4GHb2JxGTN
08/13/13 21:53:05 Serwer 5 PasswordExchangeRequest: Haslo zgodne
08/13/13 21:53:05 Serwer 5 PasswordExchangeRequest: Wyslalem nowe haslo
08/13/13 21:53:05 Serwer 1 ListenSocket: odebrano PASS_EXCH_RES:NEW%MjQlIJKqsRmjMe83F2dih4QQ
08/13/13 21:53:05 Serwer 1 ListenSocket: znaleziono modul odpowiadajacy za obsluge
08/13/13 21:53:05 Serwer 5 ListenSocket: Oczekiwanie na wiadomosc
08/13/13 21:53:05 Serwer 1 PasswordExchangeResponse: otrzymalem NEW%MjQlIJKqsRmjMe83F2dih4QQ
08/13/13 21:53:05 Serwer 1 PeriodicPing: Maksymalny czas oczekiwania na odpowiedz = 5
08/13/13 21:53:05 Serwer 5 ListenSocket: odebrano PING:PING
08/13/13 21:53:05 Serwer 1 PasswordExchangeResponse: Otrzymalem nowe haslo
08/13/13 21:53:05 Serwer 1 PeriodicPing: Wysylam ping
08/13/13 21:53:05 Serwer 5 ListenSocket: znaleziono modul odpowiadajacy za obsluge
08/13/13 21:53:05 Serwer 5 StandardPing: wyslano PONG:PONG
08/13/13 21:53:05 Serwer 1 PasswordExchangeResponse: zapisalem nowe haslo
08/13/13 21:53:05 Serwer 1 PasswordExchangeResponse: Wyslalem potwierdzenie do 192.168.56.106
08/13/13 21:53:05 Serwer 5 ListenSocket: Oczekiwanie na wiadomosc
08/13/13 21:53:05 Serwer 1 ListenSocket: Oczekiwanie na wiadomosc
08/13/13 21:53:05 Serwer 5 ListenSocket: odebrano PASS_EXCH_REQ:ACK
08/13/13 21:53:05 Serwer 5 ListenSocket: znaleziono modul odpowiadajacy za obsluge
08/13/13 21:53:05 Serwer 1 ListenSocket: odebrano PONG:PONG
08/13/13 21:53:05 Serwer 5 PasswordExchangeRequest: dostalem potwierdzenie zmiany hasla od 192.168.56.102
08/13/13 21:53:05 Serwer 1 ListenSocket: znaleziono modul odpowiadajacy za obsluge
08/13/13 21:53:05 Serwer 5 PasswordExchangeRequest: Haslo zostalo zmienione
08/13/13 21:53:05 Serwer 5 ListenSocket: Oczekiwanie na wiadomosc
08/13/13 21:53:05 Serwer 1 PeriodicPassExchange: Wysylam zapytanie o stare haslo do 192.168.56.106
08/13/13 21:53:05 Serwer 1 StandardPong: Pong wrzucony do kolejki
08/13/13 21:53:05 Serwer 5 ListenSocket: odebrano PASS_EXCH_RES:NEW_PASS
08/13/13 21:53:05 Serwer 5 ListenSocket: znaleziono modul odpowiadajacy za obsluge
08/13/13 21:53:05 Serwer 5 PasswordExchangeResponse: otrzymalem NEW_PASS
08/13/13 21:53:05 Serwer 5 PasswordExchangeResponse: wyszukuje stare haslo
08/13/13 21:53:05 Serwer 5 PasswordExchangeResponse: wyslalem stare haslo do 192.168.56.102
08/13/13 21:53:05 Serwer 1 ListenSocket: odebrano PASS_EXCH_REQ:OLD%RTwKpj30Y3Nmo0MgRDU8hLyM
08/13/13 21:53:05 Serwer 5 ListenSocket: Oczekiwanie na wiadomosc
08/13/13 21:53:05 Serwer 1 ListenSocket: znaleziono modul odpowiadajacy za obsluge
08/13/13 21:53:05 Serwer 1 ListenSocket: Oczekiwanie na wiadomosc
08/13/13 21:53:05 Serwer 1 PasswordExchangeRequest: Otrzymalem stare haslo od 192.168.56.106
08/13/13 21:53:05 Serwer 1 PasswordExchangeRequest: spodziewane haslo RTwKpj30Y3Nmo0MgRDU8hLyM otrzymano RTwKpj30Y3Nmo0MgRDU8hLyM
08/13/13 21:53:05 Serwer 1 PasswordExchangeRequest: Haslo zgodne
08/13/13 21:53:05 Serwer 5 ListenSocket: odebrano PASS_EXCH_RES:NEW%HfRQMK8T5a2OGVrQU1y1YHye
08/13/13 21:53:05 Serwer 1 PasswordExchangeRequest: Wyslalem nowe haslo
08/13/13 21:53:05 Serwer 1 ListenSocket: Oczekiwanie na wiadomosc
08/13/13 21:53:05 Serwer 5 ListenSocket: znaleziono modul odpowiadajacy za obsluge
08/13/13 21:53:05 Serwer 5 PasswordExchangeResponse: otrzymalem NEW%HfRQMK8T5a2OGVrQU1y1YHye
08/13/13 21:53:05 Serwer 5 PasswordExchangeResponse: Otrzymalem nowe haslo
08/13/13 21:53:05 Serwer 5 PasswordExchangeResponse: zapisalem nowe haslo
08/13/13 21:53:05 Serwer 1 ListenSocket: odebrano PASS_EXCH_REQ:ACK
08/13/13 21:53:05 Serwer 1 ListenSocket: znaleziono modul odpowiadajacy za obsluge
08/13/13 21:53:05 Serwer 1 PasswordExchangeRequest: dostalem potwierdzenie zmiany hasla od 192.168.56.106
08/13/13 21:53:05 Serwer 5 PasswordExchangeResponse: Wyslalem potwierdzenie do 192.168.56.102
08/13/13 21:53:05 Serwer 5 ListenSocket: Oczekiwanie na wiadomosc
08/13/13 21:53:05 Serwer 1 PasswordExchangeRequest: Haslo zostalo zmienione
08/13/13 21:53:05 Serwer 1 ListenSocket: Oczekiwanie na wiadomosc
08/13/13 21:53:07 Serwer 5 PeriodicPing: Maksymalny czas oczekiwania na odpowiedz = 5
08/13/13 21:53:07 Serwer 5 PeriodicPing: Wysylam ping
08/13/13 21:53:07 Serwer 1 ListenSocket: odebrano PING:PING
08/13/13 21:53:07 Serwer 1 ListenSocket: znaleziono modul odpowiadajacy za obsluge
08/13/13 21:53:07 Serwer 1 StandardPing: wyslano PONG:PONG
08/13/13 21:53:07 Serwer 1 ListenSocket: Oczekiwanie na wiadomosc
08/13/13 21:53:07 Serwer 5 ListenSocket: odebrano PONG:PONG
08/13/13 21:53:07 Serwer 5 ListenSocket: znaleziono modul odpowiadajacy za obsluge
08/13/13 21:53:07 Serwer 5 StandardPong: Pong wrzucony do kolejki
08/13/13 21:53:07 Serwer 5 ListenSocket: Oczekiwanie na wiadomosc
08/13/13 21:53:07 Serwer 1 PeriodicPing: Maksymalny czas oczekiwania na odpowiedz = 5
08/13/13 21:53:07 Serwer 1 PeriodicPing: Wysylam ping
08/13/13 21:53:07 Serwer 5 ListenSocket: odebrano PING:PING
08/13/13 21:53:07 Serwer 5 ListenSocket: znaleziono modul odpowiadajacy za obsluge
08/13/13 21:53:07 Serwer 1 ListenSocket: odebrano PONG:PONG
08/13/13 21:53:07 Serwer 1 ListenSocket: znaleziono modul odpowiadajacy za obsluge
08/13/13 21:53:07 Serwer 5 StandardPing: wyslano PONG:PONG
08/13/13 21:53:07 Serwer 1 StandardPong: Pong wrzucony do kolejki
08/13/13 21:53:07 Serwer 5 ListenSocket: Oczekiwanie na wiadomosc
08/13/13 21:53:07 Serwer 1 ListenSocket: Oczekiwanie na wiadomosc
08/13/13 21:53:09 Serwer 5 PeriodicPing: Maksymalny czas oczekiwania na odpowiedz = 5
08/13/13 21:53:09 Serwer 5 PeriodicPing: Wysylam ping
08/13/13 21:53:09 Serwer 1 ListenSocket: odebrano PING:PING
08/13/13 21:53:09 Serwer 1 ListenSocket: znaleziono modul odpowiadajacy za obsluge
08/13/13 21:53:09 Serwer 1 StandardPing: wyslano PONG:PONG
08/13/13 21:53:09 Serwer 5 ListenSocket: znaleziono modul odpowiadajacy za obsluge
08/13/13 21:53:09 Serwer 1 ListenSocket: Oczekiwanie na wiadomosc
08/13/13 21:53:09 Serwer 5 ListenSocket: odebrano PONG:PONG
08/13/13 21:53:09 Serwer 5 StandardPong: Pong wrzucony do kolejki
08/13/13 21:53:09 Serwer 5 ListenSocket: Oczekiwanie na wiadomosc
08/13/13 21:53:09 Serwer 1 PeriodicPing: Maksymalny czas oczekiwania na odpowiedz = 5
08/13/13 21:53:09 Serwer 5 ListenSocket: odebrano PING:PING
08/13/13 21:53:09 Serwer 1 PeriodicPing: Wysylam ping
08/13/13 21:53:09 Serwer 5 ListenSocket: znaleziono modul odpowiadajacy za obsluge
08/13/13 21:53:09 Serwer 1 ListenSocket: odebrano PONG:PONG
08/13/13 21:53:09 Serwer 5 StandardPing: wyslano PONG:PONG
08/13/13 21:53:09 Serwer 1 ListenSocket: znaleziono modul odpowiadajacy za obsluge
08/13/13 21:53:09 Serwer 5 ListenSocket: Oczekiwanie na wiadomosc
08/13/13 21:53:09 Serwer 1 StandardPong: Pong wrzucony do kolejki
08/13/13 21:53:09 Serwer 1 ListenSocket: Oczekiwanie na wiadomosc
08/13/13 21:53:11 Serwer 5 PeriodicPing: Maksymalny czas oczekiwania na odpowiedz = 5
08/13/13 21:53:11 Serwer 5 PeriodicPing: Wysylam ping
08/13/13 21:53:11 Serwer 1 ListenSocket: odebrano PING:PING
08/13/13 21:53:11 Serwer 1 ListenSocket: znaleziono modul odpowiadajacy za obsluge
08/13/13 21:53:11 Serwer 1 StandardPing: wyslano PONG:PONG
08/13/13 21:53:11 Serwer 5 ListenSocket: odebrano PONG:PONG
08/13/13 21:53:11 Serwer 1 ListenSocket: Oczekiwanie na wiadomosc
08/13/13 21:53:11 Serwer 5 ListenSocket: znaleziono modul odpowiadajacy za obsluge
08/13/13 21:53:11 Serwer 5 StandardPong: Pong wrzucony do kolejki
08/13/13 21:53:11 Serwer 5 ListenSocket: Oczekiwanie na wiadomosc
08/13/13 21:53:11 Serwer 1 PeriodicPing: Maksymalny czas oczekiwania na odpowiedz = 5
08/13/13 21:53:11 Serwer 5 ListenSocket: odebrano PING:PING
08/13/13 21:53:11 Serwer 1 PeriodicPing: Wysylam ping
08/13/13 21:53:11 Serwer 5 ListenSocket: znaleziono modul odpowiadajacy za obsluge
08/13/13 21:53:11 Serwer 5 StandardPing: wyslano PONG:PONG
08/13/13 21:53:11 Serwer 1 ListenSocket: odebrano PONG:PONG
08/13/13 21:53:11 Serwer 5 ListenSocket: Oczekiwanie na wiadomosc
08/13/13 21:53:11 Serwer 1 ListenSocket: znaleziono modul odpowiadajacy za obsluge
08/13/13 21:53:11 Serwer 1 StandardPong: Pong wrzucony do kolejki
08/13/13 21:53:11 Serwer 1 ListenSocket: Oczekiwanie na wiadomosc
08/13/13 21:53:13 Serwer 5 PeriodicPing: Maksymalny czas oczekiwania na odpowiedz = 5
08/13/13 21:53:13 Serwer 5 PeriodicPing: Wysylam ping
08/13/13 21:53:13 Serwer 1 ListenSocket: odebrano PING:PING
08/13/13 21:53:13 Serwer 1 ListenSocket: znaleziono modul odpowiadajacy za obsluge
08/13/13 21:53:13 Serwer 1 StandardPing: wyslano PONG:PONG
08/13/13 21:53:13 Serwer 5 ListenSocket: odebrano PONG:PONG
08/13/13 21:53:13 Serwer 1 ListenSocket: Oczekiwanie na wiadomosc
08/13/13 21:53:13 Serwer 5 ListenSocket: znaleziono modul odpowiadajacy za obsluge
08/13/13 21:53:13 Serwer 5 StandardPong: Pong wrzucony do kolejki
08/13/13 21:53:13 Serwer 5 ListenSocket: Oczekiwanie na wiadomosc
08/13/13 21:53:13 Serwer 1 PeriodicPing: Maksymalny czas oczekiwania na odpowiedz = 5
08/13/13 21:53:13 Serwer 1 PeriodicPing: Wysylam ping
08/13/13 21:53:13 Serwer 5 ListenSocket: odebrano PING:PING
08/13/13 21:53:13 Serwer 5 ListenSocket: znaleziono modul odpowiadajacy za obsluge
08/13/13 21:53:13 Serwer 5 StandardPing: wyslano PONG:PONG
08/13/13 21:53:13 Serwer 1 ListenSocket: odebrano PONG:PONG
08/13/13 21:53:13 Serwer 5 ListenSocket: Oczekiwanie na wiadomosc
08/13/13 21:53:13 Serwer 1 ListenSocket: znaleziono modul odpowiadajacy za obsluge
08/13/13 21:53:13 Serwer 1 StandardPong: Pong wrzucony do kolejki
08/13/13 21:53:13 Serwer 1 ListenSocket: Oczekiwanie na wiadomosc
08/13/13 21:53:15 Serwer 5 PeriodicPing: Maksymalny czas oczekiwania na odpowiedz = 5
08/13/13 21:53:15 Serwer 5 PeriodicPing: Wysylam ping
08/13/13 21:53:15 Serwer 1 ListenSocket: odebrano PING:PING
08/13/13 21:53:15 Serwer 1 ListenSocket: znaleziono modul odpowiadajacy za obsluge
08/13/13 21:53:15 Serwer 1 StandardPing: wyslano PONG:PONG
08/13/13 21:53:15 Serwer 1 ListenSocket: Oczekiwanie na wiadomosc
08/13/13 21:53:15 Serwer 5 ListenSocket: odebrano PONG:PONG
08/13/13 21:53:15 Serwer 5 ListenSocket: znaleziono modul odpowiadajacy za obsluge
08/13/13 21:53:15 Serwer 5 StandardPong: Pong wrzucony do kolejki
08/13/13 21:53:15 Serwer 5 ListenSocket: Oczekiwanie na wiadomosc
08/13/13 21:53:15 Serwer 1 PeriodicPing: Maksymalny czas oczekiwania na odpowiedz = 5
08/13/13 21:53:15 Serwer 5 ListenSocket: odebrano PING:PING
08/13/13 21:53:15 Serwer 1 PeriodicPing: Wysylam ping
08/13/13 21:53:15 Serwer 5 ListenSocket: znaleziono modul odpowiadajacy za obsluge
08/13/13 21:53:15 Serwer 5 StandardPing: wyslano PONG:PONG
08/13/13 21:53:15 Serwer 1 ListenSocket: odebrano PONG:PONG
08/13/13 21:53:15 Serwer 5 ListenSocket: Oczekiwanie na wiadomosc
08/13/13 21:53:15 Serwer 1 ListenSocket: znaleziono modul odpowiadajacy za obsluge
08/13/13 21:53:15 Serwer 1 StandardPong: Pong wrzucony do kolejki
08/13/13 21:53:15 Serwer 1 ListenSocket: Oczekiwanie na wiadomosc
08/13/13 21:53:17 Serwer 5 PeriodicPing: Maksymalny czas oczekiwania na odpowiedz = 5
08/13/13 21:53:17 Serwer 5 PeriodicPing: Wysylam ping
08/13/13 21:53:17 Serwer 1 ListenSocket: odebrano PING:PING
08/13/13 21:53:17 Serwer 1 ListenSocket: znaleziono modul odpowiadajacy za obsluge
08/13/13 21:53:17 Serwer 5 ListenSocket: odebrano PONG:PONG
08/13/13 21:53:17 Serwer 1 StandardPing: wyslano PONG:PONG
08/13/13 21:53:17 Serwer 1 ListenSocket: Oczekiwanie na wiadomosc
08/13/13 21:53:17 Serwer 5 ListenSocket: znaleziono modul odpowiadajacy za obsluge
08/13/13 21:53:17 Serwer 5 StandardPong: Pong wrzucony do kolejki
08/13/13 21:53:17 Serwer 5 ListenSocket: Oczekiwanie na wiadomosc
08/13/13 21:53:17 Serwer 5 PeriodicPassExchange: Wysylam zapytanie o stare haslo do 192.168.56.102
08/13/13 21:53:17 Serwer 1 ListenSocket: odebrano PASS_EXCH_RES:NEW_PASS
08/13/13 21:53:17 Serwer 1 ListenSocket: znaleziono modul odpowiadajacy za obsluge
08/13/13 21:53:17 Serwer 1 PasswordExchangeResponse: otrzymalem NEW_PASS
08/13/13 21:53:17 Serwer 1 PasswordExchangeResponse: wyszukuje stare haslo
08/13/13 21:53:17 Serwer 1 PasswordExchangeResponse: wyslalem stare haslo do 192.168.56.106
08/13/13 21:53:17 Serwer 5 ListenSocket: odebrano PASS_EXCH_REQ:OLD%MjQlIJKqsRmjMe83F2dih4QQ
08/13/13 21:53:17 Serwer 5 ListenSocket: znaleziono modul odpowiadajacy za obsluge
08/13/13 21:53:17 Serwer 1 ListenSocket: Oczekiwanie na wiadomosc
08/13/13 21:53:17 Serwer 5 PasswordExchangeRequest: Otrzymalem stare haslo od 192.168.56.102
08/13/13 21:53:17 Serwer 5 PasswordExchangeRequest: spodziewane haslo MjQlIJKqsRmjMe83F2dih4QQ otrzymano MjQlIJKqsRmjMe83F2dih4QQ
08/13/13 21:53:17 Serwer 5 PasswordExchangeRequest: Haslo zgodne
08/13/13 21:53:17 Serwer 5 PasswordExchangeRequest: Wyslalem nowe haslo
08/13/13 21:53:17 Serwer 1 ListenSocket: odebrano PASS_EXCH_RES:NEW%bYSNH6Vs1AzaYPwXNbCwOoHq
08/13/13 21:53:17 Serwer 1 ListenSocket: znaleziono modul odpowiadajacy za obsluge
08/13/13 21:53:17 Serwer 5 ListenSocket: Oczekiwanie na wiadomosc
08/13/13 21:53:17 Serwer 1 PasswordExchangeResponse: otrzymalem NEW%bYSNH6Vs1AzaYPwXNbCwOoHq
08/13/13 21:53:17 Serwer 1 PeriodicPing: Maksymalny czas oczekiwania na odpowiedz = 5
08/13/13 21:53:17 Serwer 1 PasswordExchangeResponse: Otrzymalem nowe haslo
08/13/13 21:53:17 Serwer 5 ListenSocket: odebrano PING:PING
08/13/13 21:53:17 Serwer 1 PasswordExchangeResponse: zapisalem nowe haslo
08/13/13 21:53:17 Serwer 5 ListenSocket: znaleziono modul odpowiadajacy za obsluge
08/13/13 21:53:17 Serwer 1 PasswordExchangeResponse: Wyslalem potwierdzenie do 192.168.56.106
08/13/13 21:53:17 Serwer 5 StandardPing: wyslano PONG:PONG
08/13/13 21:53:17 Serwer 1 ListenSocket: Oczekiwanie na wiadomosc
08/13/13 21:53:17 Serwer 5 ListenSocket: Oczekiwanie na wiadomosc
08/13/13 21:53:17 Serwer 1 ListenSocket: odebrano PONG:PONG
08/13/13 21:53:17 Serwer 5 ListenSocket: odebrano PASS_EXCH_REQ:ACK
08/13/13 21:53:17 Serwer 1 PeriodicPing: Wysylam ping
08/13/13 21:53:17 Serwer 5 ListenSocket: znaleziono modul odpowiadajacy za obsluge
08/13/13 21:53:17 Serwer 1 ListenSocket: znaleziono modul odpowiadajacy za obsluge
08/13/13 21:53:17 Serwer 5 PasswordExchangeRequest: dostalem potwierdzenie zmiany hasla od 192.168.56.102
08/13/13 21:53:17 Serwer 1 StandardPong: Pong wrzucony do kolejki
08/13/13 21:53:17 Serwer 1 PeriodicPassExchange: Wysylam zapytanie o stare haslo do 192.168.56.106
08/13/13 21:53:17 Serwer 5 PasswordExchangeRequest: Haslo zostalo zmienione
08/13/13 21:53:17 Serwer 5 ListenSocket: Oczekiwanie na wiadomosc
08/13/13 21:53:17 Serwer 5 ListenSocket: odebrano PASS_EXCH_RES:NEW_PASS
08/13/13 21:53:17 Serwer 5 ListenSocket: znaleziono modul odpowiadajacy za obsluge
08/13/13 21:53:17 Serwer 5 PasswordExchangeResponse: otrzymalem NEW_PASS
08/13/13 21:53:17 Serwer 5 PasswordExchangeResponse: wyszukuje stare haslo
08/13/13 21:53:17 Serwer 1 ListenSocket: Oczekiwanie na wiadomosc
08/13/13 21:53:17 Serwer 5 PasswordExchangeResponse: wyslalem stare haslo do 192.168.56.102
08/13/13 21:53:17 Serwer 1 ListenSocket: odebrano PASS_EXCH_REQ:OLD%HfRQMK8T5a2OGVrQU1y1YHye
08/13/13 21:53:17 Serwer 5 ListenSocket: Oczekiwanie na wiadomosc
08/13/13 21:53:17 Serwer 1 ListenSocket: znaleziono modul odpowiadajacy za obsluge
08/13/13 21:53:17 Serwer 1 PasswordExchangeRequest: Otrzymalem stare haslo od 192.168.56.106
08/13/13 21:53:17 Serwer 1 PasswordExchangeRequest: spodziewane haslo HfRQMK8T5a2OGVrQU1y1YHye otrzymano HfRQMK8T5a2OGVrQU1y1YHye
08/13/13 21:53:17 Serwer 1 PasswordExchangeRequest: Haslo zgodne
08/13/13 21:53:17 Serwer 1 PasswordExchangeRequest: Wyslalem nowe haslo
08/13/13 21:53:17 Serwer 1 ListenSocket: Oczekiwanie na wiadomosc
08/13/13 21:53:17 Serwer 5 ListenSocket: znaleziono modul odpowiadajacy za obsluge
08/13/13 21:53:17 Serwer 5 PasswordExchangeResponse: otrzymalem NEW%zPYY04ZgKk39G7W4EwDv3VK3
08/13/13 21:53:17 Serwer 5 PasswordExchangeResponse: Otrzymalem nowe haslo
08/13/13 21:53:17 Serwer 5 PasswordExchangeResponse: zapisalem nowe haslo
08/13/13 21:53:17 Serwer 5 ListenSocket: odebrano PASS_EXCH_RES:NEW%zPYY04ZgKk39G7W4EwDv3VK3
08/13/13 21:53:17 Serwer 5 PasswordExchangeResponse: Wyslalem potwierdzenie do 192.168.56.102
08/13/13 21:53:17 Serwer 1 ListenSocket: odebrano PASS_EXCH_REQ:ACK
08/13/13 21:53:17 Serwer 5 ListenSocket: Oczekiwanie na wiadomosc
08/13/13 21:53:17 Serwer 1 ListenSocket: znaleziono modul odpowiadajacy za obsluge
08/13/13 21:53:17 Serwer 1 PasswordExchangeRequest: dostalem potwierdzenie zmiany hasla od 192.168.56.106
08/13/13 21:53:17 Serwer 1 PasswordExchangeRequest: Haslo zostalo zmienione
08/13/13 21:53:17 Serwer 1 ListenSocket: Oczekiwanie na wiadomosc
08/13/13 21:53:19 Serwer 5 PeriodicPing: Maksymalny czas oczekiwania na odpowiedz = 5
08/13/13 21:53:19 Serwer 5 PeriodicPing: Wysylam ping
08/13/13 21:53:19 Serwer 1 ListenSocket: odebrano PING:PING
08/13/13 21:53:19 Serwer 1 ListenSocket: znaleziono modul odpowiadajacy za obsluge
08/13/13 21:53:19 Serwer 1 StandardPing: wyslano PONG:PONG
08/13/13 21:53:19 Serwer 1 ListenSocket: Oczekiwanie na wiadomosc
08/13/13 21:53:19 Serwer 5 ListenSocket: odebrano PONG:PONG
08/13/13 21:53:19 Serwer 5 ListenSocket: znaleziono modul odpowiadajacy za obsluge
08/13/13 21:53:19 Serwer 5 StandardPong: Pong wrzucony do kolejki
08/13/13 21:53:19 Serwer 5 ListenSocket: Oczekiwanie na wiadomosc
08/13/13 21:53:19 Serwer 1 PeriodicPing: Maksymalny czas oczekiwania na odpowiedz = 5
08/13/13 21:53:19 Serwer 5 ListenSocket: odebrano PING:PING
08/13/13 21:53:19 Serwer 1 PeriodicPing: Wysylam ping
08/13/13 21:53:19 Serwer 5 ListenSocket: znaleziono modul odpowiadajacy za obsluge
08/13/13 21:53:19 Serwer 5 StandardPing: wyslano PONG:PONG
08/13/13 21:53:19 Serwer 1 ListenSocket: odebrano PONG:PONG
08/13/13 21:53:19 Serwer 5 ListenSocket: Oczekiwanie na wiadomosc
08/13/13 21:53:19 Serwer 1 ListenSocket: znaleziono modul odpowiadajacy za obsluge
08/13/13 21:53:19 Serwer 1 StandardPong: Pong wrzucony do kolejki
08/13/13 21:53:19 Serwer 1 ListenSocket: Oczekiwanie na wiadomosc
08/13/13 21:53:21 Serwer 5 PeriodicPing: Maksymalny czas oczekiwania na odpowiedz = 5
08/13/13 21:53:21 Serwer 5 PeriodicPing: Wysylam ping
08/13/13 21:53:21 Serwer 1 ListenSocket: odebrano PING:PING
08/13/13 21:53:21 Serwer 1 ListenSocket: znaleziono modul odpowiadajacy za obsluge
08/13/13 21:53:21 Serwer 5 ListenSocket: odebrano PONG:PONG
08/13/13 21:53:21 Serwer 1 StandardPing: wyslano PONG:PONG
08/13/13 21:53:21 Serwer 5 ListenSocket: znaleziono modul odpowiadajacy za obsluge
08/13/13 21:53:21 Serwer 1 ListenSocket: Oczekiwanie na wiadomosc
08/13/13 21:53:21 Serwer 5 StandardPong: Pong wrzucony do kolejki
08/13/13 21:53:21 Serwer 5 ListenSocket: Oczekiwanie na wiadomosc
08/13/13 21:53:21 Serwer 1 PeriodicPing: Maksymalny czas oczekiwania na odpowiedz = 5
08/13/13 21:53:21 Serwer 1 PeriodicPing: Wysylam ping
08/13/13 21:53:21 Serwer 5 ListenSocket: odebrano PING:PING
08/13/13 21:53:21 Serwer 5 ListenSocket: znaleziono modul odpowiadajacy za obsluge
08/13/13 21:53:21 Serwer 5 StandardPing: wyslano PONG:PONG
08/13/13 21:53:21 Serwer 1 ListenSocket: odebrano PONG:PONG
08/13/13 21:53:21 Serwer 5 ListenSocket: Oczekiwanie na wiadomosc
08/13/13 21:53:21 Serwer 1 ListenSocket: znaleziono modul odpowiadajacy za obsluge
08/13/13 21:53:21 Serwer 1 StandardPong: Pong wrzucony do kolejki
08/13/13 21:53:21 Serwer 1 ListenSocket: Oczekiwanie na wiadomosc
08/13/13 21:53:23 Serwer 5 PeriodicPing: Maksymalny czas oczekiwania na odpowiedz = 5
08/13/13 21:53:23 Serwer 1 ListenSocket: odebrano PING:PING
08/13/13 21:53:23 Serwer 5 PeriodicPing: Wysylam ping
08/13/13 21:53:23 Serwer 1 ListenSocket: znaleziono modul odpowiadajacy za obsluge
08/13/13 21:53:23 Serwer 1 StandardPing: wyslano PONG:PONG
08/13/13 21:53:23 Serwer 1 ListenSocket: Oczekiwanie na wiadomosc
08/13/13 21:53:23 Serwer 5 ListenSocket: odebrano PONG:PONG
08/13/13 21:53:23 Serwer 5 ListenSocket: znaleziono modul odpowiadajacy za obsluge
08/13/13 21:53:23 Serwer 5 StandardPong: Pong wrzucony do kolejki
08/13/13 21:53:23 Serwer 5 ListenSocket: Oczekiwanie na wiadomosc
08/13/13 21:53:23 Serwer 1 PeriodicPing: Maksymalny czas oczekiwania na odpowiedz = 5
08/13/13 21:53:23 Serwer 5 ListenSocket: odebrano PING:PING
08/13/13 21:53:23 Serwer 5 ListenSocket: znaleziono modul odpowiadajacy za obsluge
08/13/13 21:53:23 Serwer 5 StandardPing: wyslano PONG:PONG
08/13/13 21:53:23 Serwer 1 ListenSocket: odebrano PONG:PONG
08/13/13 21:53:23 Serwer 5 ListenSocket: Oczekiwanie na wiadomosc
08/13/13 21:53:23 Serwer 1 ListenSocket: znaleziono modul odpowiadajacy za obsluge
08/13/13 21:53:23 Serwer 1 StandardPong: Pong wrzucony do kolejki
08/13/13 21:53:23 Serwer 1 ListenSocket: Oczekiwanie na wiadomosc
08/13/13 21:53:23 Serwer 1 PeriodicPing: Wysylam ping
08/13/13 21:53:24 Serwer 1 start_wsh: Serwer wznawia sprawdzanie
08/13/13 21:53:24 Serwer 1 Connection: connecting to 192.168.56.105:80/newHost
08/13/13 21:53:24 Serwer 5 start_wsh: Serwer wznawia sprawdzanie
08/13/13 21:53:24 Serwer 5 Connection: connecting to 192.168.56.105:80/newHost
08/13/13 21:53:25 Serwer 5 PeriodicPing: Maksymalny czas oczekiwania na odpowiedz = 5
08/13/13 21:53:25 Serwer 1 ListenSocket: odebrano PING:PING
08/13/13 21:53:25 Serwer 1 ListenSocket: znaleziono modul odpowiadajacy za obsluge
08/13/13 21:53:25 Serwer 5 ListenSocket: odebrano PONG:PONG
08/13/13 21:53:25 Serwer 1 ListenSocket: Oczekiwanie na wiadomosc
08/13/13 21:53:25 Serwer 1 StandardPing: wyslano PONG:PONG
08/13/13 21:53:25 Serwer 5 ListenSocket: znaleziono modul odpowiadajacy za obsluge
08/13/13 21:53:25 Serwer 5 StandardPong: Pong wrzucony do kolejki
08/13/13 21:53:25 Serwer 5 PeriodicPing: Wysylam ping
08/13/13 21:53:25 Serwer 5 ListenSocket: Oczekiwanie na wiadomosc
08/13/13 21:53:25 Serwer 1 PeriodicPing: Maksymalny czas oczekiwania na odpowiedz = 5
08/13/13 21:53:25 Serwer 5 ListenSocket: odebrano PING:PING
08/13/13 21:53:25 Serwer 1 PeriodicPing: Wysylam ping
08/13/13 21:53:25 Serwer 5 ListenSocket: znaleziono modul odpowiadajacy za obsluge
08/13/13 21:53:25 Serwer 5 StandardPing: wyslano PONG:PONG
08/13/13 21:53:25 Serwer 1 ListenSocket: odebrano PONG:PONG
08/13/13 21:53:25 Serwer 1 ListenSocket: znaleziono modul odpowiadajacy za obsluge
08/13/13 21:53:25 Serwer 1 StandardPong: Pong wrzucony do kolejki
08/13/13 21:53:25 Serwer 1 ListenSocket: Oczekiwanie na wiadomosc
08/13/13 21:53:25 Serwer 5 ListenSocket: Oczekiwanie na wiadomosc
08/13/13 21:53:27 Serwer 1 Connection: Wystapil problem
08/13/13 21:53:27 Serwer 1 Connection: 
08/13/13 21:53:27 Serwer 1 start_wsh: Nie moge polaczyc sie z 192.168.56.105
08/13/13 21:53:27 Serwer 1 Connection: connecting to 192.168.56.104:80/newHost
08/13/13 21:53:27 Serwer 5 Connection: Wystapil problem
08/13/13 21:53:27 Serwer 5 Connection: 
08/13/13 21:53:27 Serwer 5 start_wsh: Nie moge polaczyc sie z 192.168.56.105
08/13/13 21:53:27 Serwer 5 Connection: connecting to 192.168.56.104:80/newHost
08/13/13 21:53:27 Serwer 1 PeriodicPing: Maksymalny czas oczekiwania na odpowiedz = 5
08/13/13 21:53:27 Serwer 1 PeriodicPing: Wysylam ping
08/13/13 21:53:30 Serwer 1 Connection: Wystapil problem
08/13/13 21:53:30 Serwer 1 Connection: 
08/13/13 21:53:30 Serwer 1 start_wsh: Nie moge polaczyc sie z 192.168.56.104
08/13/13 21:53:30 Serwer 1 Connection: connecting to 192.168.56.103:80/newHost
08/13/13 21:53:32 Serwer 1 PeriodicPing: serwer nie otrzymal odpowiedzi na Ping zamykanie polaczenia
08/13/13 21:53:32 Serwer 1 newHost_wsh: ERROR w modulach cyklicznych, zamykanie polaczenia
08/13/13 21:53:32 Serwer 1 newHost_wsh: Serwer nie otrzymal odpowiedzi na ping
08/13/13 21:53:32 Serwer 1 StandardHostDC: Wykryto odlaczenie serwera 192.168.56.106
08/13/13 21:53:33 Serwer 1 StandardHostDC: Proba zapisu do pliku adresowego
08/13/13 21:53:33 Serwer 1 Connection: Wystapil problem
08/13/13 21:53:33 Serwer 1 Connection: 
08/13/13 21:53:33 Serwer 1 start_wsh: Nie moge polaczyc sie z 192.168.56.103
08/13/13 21:53:33 Serwer 1 MakeCoherent: analizuje 192.168.56.105
08/13/13 21:53:33 Serwer 1 StandardHostDC: Plik adresowy zablokowany
08/13/13 21:53:33 Serwer 1 MakeCoherent: analizuje 192.168.56.104
08/13/13 21:53:33 Serwer 1 StandardHostDC: Plik adresowy zaktualizowany
08/13/13 21:53:33 Serwer 1 MakeCoherent: analizuje 192.168.56.106
08/13/13 21:53:33 Serwer 1 MakeCoherent: analizuje localhost
08/13/13 21:53:33 Serwer 1 MakeCoherent: analizuje 192.168.56.103
08/13/13 21:53:33 Serwer 1 MakeCoherent: Dane na serwerze sa aktualne
08/13/13 21:53:33 Serwer 1 BroadcastNewDataVersion: wewnatrz modulu rozglaszania nowej wersji 
08/13/13 21:53:33 Serwer 1 start_wsh: Serwer rozpoczyna czeanie na kolejna ture sprawdzania
08/13/13 21:53:45 Serwer 1 ListenSocket: Wystapil problem z polaczeniem
08/13/13 21:53:45 Serwer 1 ListenSocket: Receiving 2 byte failed. socket.error (timed out) occurred
08/13/13 21:54:03 Serwer 1 start_wsh: Serwer wznawia sprawdzanie
08/13/13 21:54:03 Serwer 1 Connection: connecting to 192.168.56.105:80/newHost
08/13/13 21:54:06 Serwer 1 Connection: Wystapil problem
08/13/13 21:54:06 Serwer 1 Connection: 
08/13/13 21:54:06 Serwer 1 Connection: connecting to 192.168.56.104:80/newHost
08/13/13 21:54:06 Serwer 1 start_wsh: Nie moge polaczyc sie z 192.168.56.105
08/13/13 21:54:09 Serwer 1 Connection: Wystapil problem
08/13/13 21:54:09 Serwer 1 Connection: 
08/13/13 21:54:09 Serwer 1 start_wsh: Nie moge polaczyc sie z 192.168.56.104
08/13/13 21:54:09 Serwer 1 Connection: connecting to 192.168.56.106:80/newHost
08/13/13 21:54:12 Serwer 1 Connection: Wystapil problem
08/13/13 21:54:12 Serwer 1 Connection: 
08/13/13 21:54:12 Serwer 1 start_wsh: Nie moge polaczyc sie z 192.168.56.106
08/13/13 21:54:12 Serwer 1 Connection: connecting to 192.168.56.103:80/newHost
08/13/13 21:54:15 Serwer 1 Connection: Wystapil problem
08/13/13 21:54:15 Serwer 1 Connection: 
08/13/13 21:54:15 Serwer 1 start_wsh: Nie moge polaczyc sie z 192.168.56.103
08/13/13 21:54:15 Serwer 1 MakeCoherent: analizuje 192.168.56.105
08/13/13 21:54:15 Serwer 1 MakeCoherent: analizuje 192.168.56.104
08/13/13 21:54:15 Serwer 1 MakeCoherent: analizuje 192.168.56.106
08/13/13 21:54:15 Serwer 1 MakeCoherent: analizuje localhost
08/13/13 21:54:15 Serwer 1 MakeCoherent: analizuje 192.168.56.103
08/13/13 21:54:15 Serwer 1 MakeCoherent: Dane na serwerze sa aktualne
08/13/13 21:54:15 Serwer 1 BroadcastNewDataVersion: wewnatrz modulu rozglaszania nowej wersji 
08/13/13 21:54:15 Serwer 1 start_wsh: Serwer rozpoczyna czeanie na kolejna ture sprawdzania
08/13/13 21:54:45 Serwer 1 start_wsh: Serwer wznawia sprawdzanie
08/13/13 21:54:45 Serwer 1 Connection: connecting to 192.168.56.105:80/newHost
08/13/13 21:54:48 Serwer 1 Connection: Wystapil problem
08/13/13 21:54:48 Serwer 1 Connection: 
08/13/13 21:54:48 Serwer 1 start_wsh: Nie moge polaczyc sie z 192.168.56.105
08/13/13 21:54:48 Serwer 1 Connection: connecting to 192.168.56.104:80/newHost
08/13/13 21:54:51 Serwer 1 Connection: Wystapil problem
08/13/13 21:54:51 Serwer 1 Connection: 
08/13/13 21:54:51 Serwer 1 start_wsh: Nie moge polaczyc sie z 192.168.56.104
08/13/13 21:54:51 Serwer 1 Connection: connecting to 192.168.56.106:80/newHost
08/13/13 21:54:54 Serwer 1 Connection: Wystapil problem
08/13/13 21:54:54 Serwer 1 Connection: 
08/13/13 21:54:54 Serwer 1 start_wsh: Nie moge polaczyc sie z 192.168.56.106
08/13/13 21:54:54 Serwer 1 Connection: connecting to 192.168.56.103:80/newHost
08/13/13 21:54:57 Serwer 1 Connection: Wystapil problem
08/13/13 21:54:57 Serwer 1 Connection: 
08/13/13 21:54:57 Serwer 1 start_wsh: Nie moge polaczyc sie z 192.168.56.103
08/13/13 21:54:57 Serwer 1 MakeCoherent: analizuje 192.168.56.105
08/13/13 21:54:57 Serwer 1 MakeCoherent: analizuje 192.168.56.104
08/13/13 21:54:57 Serwer 1 MakeCoherent: analizuje 192.168.56.106
08/13/13 21:54:57 Serwer 1 MakeCoherent: analizuje localhost
08/13/13 21:54:57 Serwer 1 MakeCoherent: analizuje 192.168.56.103
08/13/13 21:54:57 Serwer 1 MakeCoherent: Dane na serwerze sa aktualne
08/13/13 21:54:57 Serwer 1 BroadcastNewDataVersion: wewnatrz modulu rozglaszania nowej wersji 
08/13/13 21:54:57 Serwer 1 start_wsh: Serwer rozpoczyna czeanie na kolejna ture sprawdzania
08/13/13 21:55:27 Serwer 1 start_wsh: Serwer wznawia sprawdzanie
08/13/13 21:55:27 Serwer 1 Connection: connecting to 192.168.56.105:80/newHost
08/13/13 21:55:30 Serwer 1 Connection: Wystapil problem
08/13/13 21:55:30 Serwer 1 Connection: 
08/13/13 21:55:30 Serwer 1 start_wsh: Nie moge polaczyc sie z 192.168.56.105
08/13/13 21:55:30 Serwer 1 Connection: connecting to 192.168.56.104:80/newHost
08/13/13 21:55:33 Serwer 1 Connection: Wystapil problem
08/13/13 21:55:33 Serwer 1 Connection: 
08/13/13 21:55:33 Serwer 1 start_wsh: Nie moge polaczyc sie z 192.168.56.104
08/13/13 21:55:33 Serwer 1 Connection: connecting to 192.168.56.106:80/newHost
08/13/13 21:55:36 Serwer 1 Connection: Wystapil problem
08/13/13 21:55:36 Serwer 1 Connection: 
08/13/13 21:55:36 Serwer 1 start_wsh: Nie moge polaczyc sie z 192.168.56.106
08/13/13 21:55:36 Serwer 1 Connection: connecting to 192.168.56.103:80/newHost
08/13/13 21:55:39 Serwer 1 Connection: Wystapil problem
08/13/13 21:55:39 Serwer 1 Connection: 
08/13/13 21:55:39 Serwer 1 start_wsh: Nie moge polaczyc sie z 192.168.56.103
08/13/13 21:55:39 Serwer 1 MakeCoherent: analizuje 192.168.56.105
08/13/13 21:55:39 Serwer 1 MakeCoherent: analizuje 192.168.56.104
08/13/13 21:55:39 Serwer 1 MakeCoherent: analizuje 192.168.56.106
08/13/13 21:55:39 Serwer 1 MakeCoherent: analizuje localhost
08/13/13 21:55:39 Serwer 1 MakeCoherent: analizuje 192.168.56.103
08/13/13 21:55:39 Serwer 1 MakeCoherent: Dane na serwerze sa aktualne
08/13/13 21:55:39 Serwer 1 BroadcastNewDataVersion: wewnatrz modulu rozglaszania nowej wersji 
08/13/13 21:55:39 Serwer 1 start_wsh: Serwer rozpoczyna czeanie na kolejna ture sprawdzania
